<?xml version="1.0" encoding="UTF-8"?>
<testsuite xmlns:xsi="http://www.w3.org/2001/XMLSchema-instance" xsi:noNamespaceSchemaLocation="https://maven.apache.org/surefire/maven-surefire-plugin/xsd/surefire-test-report-3.0.xsd" version="3.0" name="org.conjur.jenkins.configuration.ConjurConfigurationTest" time="14.166" tests="2" errors="0" skipped="0" failures="0">
  <properties>
[...]
</properties>
  <testcase name="testDoRefreshCredentialSupplier" classname="org.conjur.jenkins.configuration.ConjurConfigurationTest" time="11.293">
    <system-out><![CDATA[18:13:48.554 [main] DEBUG org.eclipse.jetty.util.log -- Logging to Logger[org.eclipse.jetty.util.log] via org.eclipse.jetty.util.log.Slf4jLog
18:13:48.566 [main] INFO org.eclipse.jetty.util.log -- Logging initialized @1594ms to org.eclipse.jetty.util.log.Slf4jLog
18:13:48.574 [main] DEBUG org.eclipse.jetty.http.PreEncodedHttpField -- HttpField encoders loaded: [org.eclipse.jetty.http.Http1FieldPreEncoder@42d236fb]
18:13:49.213 [main] DEBUG org.apache.commons.beanutils.converters.BooleanConverter -- Setting default value: false
18:13:49.213 [main] DEBUG org.apache.commons.beanutils.converters.BooleanConverter -- Converting 'Boolean' value 'false' to type 'Boolean'
18:13:49.213 [main] DEBUG org.apache.commons.beanutils.converters.BooleanConverter --     No conversion required, value is already a Boolean
18:13:49.214 [main] DEBUG org.apache.commons.beanutils.converters.ByteConverter -- Setting default value: 0
18:13:49.214 [main] DEBUG org.apache.commons.beanutils.converters.ByteConverter -- Converting 'Integer' value '0' to type 'Byte'
18:13:49.214 [main] DEBUG org.apache.commons.beanutils.converters.ByteConverter --     Converted to Byte value '0'
18:13:49.215 [main] DEBUG org.apache.commons.beanutils.converters.CharacterConverter -- Setting default value:  
18:13:49.215 [main] DEBUG org.apache.commons.beanutils.converters.CharacterConverter -- Converting 'Character' value ' ' to type 'Character'
18:13:49.215 [main] DEBUG org.apache.commons.beanutils.converters.CharacterConverter --     No conversion required, value is already a Character
18:13:49.215 [main] DEBUG org.apache.commons.beanutils.converters.DoubleConverter -- Setting default value: 0
18:13:49.215 [main] DEBUG org.apache.commons.beanutils.converters.DoubleConverter -- Converting 'Integer' value '0' to type 'Double'
18:13:49.215 [main] DEBUG org.apache.commons.beanutils.converters.DoubleConverter --     Converted to Double value '0.0'
18:13:49.216 [main] DEBUG org.apache.commons.beanutils.converters.FloatConverter -- Setting default value: 0
18:13:49.216 [main] DEBUG org.apache.commons.beanutils.converters.FloatConverter -- Converting 'Integer' value '0' to type 'Float'
18:13:49.216 [main] DEBUG org.apache.commons.beanutils.converters.FloatConverter --     Converted to Float value '0.0'
18:13:49.216 [main] DEBUG org.apache.commons.beanutils.converters.IntegerConverter -- Setting default value: 0
18:13:49.216 [main] DEBUG org.apache.commons.beanutils.converters.IntegerConverter -- Converting 'Integer' value '0' to type 'Integer'
18:13:49.216 [main] DEBUG org.apache.commons.beanutils.converters.IntegerConverter --     No conversion required, value is already a Integer
18:13:49.216 [main] DEBUG org.apache.commons.beanutils.converters.LongConverter -- Setting default value: 0
18:13:49.216 [main] DEBUG org.apache.commons.beanutils.converters.LongConverter -- Converting 'Integer' value '0' to type 'Long'
18:13:49.217 [main] DEBUG org.apache.commons.beanutils.converters.LongConverter --     Converted to Long value '0'
18:13:49.217 [main] DEBUG org.apache.commons.beanutils.converters.ShortConverter -- Setting default value: 0
18:13:49.217 [main] DEBUG org.apache.commons.beanutils.converters.ShortConverter -- Converting 'Integer' value '0' to type 'Short'
18:13:49.217 [main] DEBUG org.apache.commons.beanutils.converters.ShortConverter --     Converted to Short value '0'
18:13:49.217 [main] DEBUG org.apache.commons.beanutils.converters.BigDecimalConverter -- Setting default value: 0.0
18:13:49.217 [main] DEBUG org.apache.commons.beanutils.converters.BigDecimalConverter -- Converting 'BigDecimal' value '0.0' to type 'BigDecimal'
18:13:49.217 [main] DEBUG org.apache.commons.beanutils.converters.BigDecimalConverter --     No conversion required, value is already a BigDecimal
18:13:49.218 [main] DEBUG org.apache.commons.beanutils.converters.BigIntegerConverter -- Setting default value: 0
18:13:49.218 [main] DEBUG org.apache.commons.beanutils.converters.BigIntegerConverter -- Converting 'BigInteger' value '0' to type 'BigInteger'
18:13:49.218 [main] DEBUG org.apache.commons.beanutils.converters.BigIntegerConverter --     No conversion required, value is already a BigInteger
18:13:49.218 [main] DEBUG org.apache.commons.beanutils.converters.BooleanConverter -- Setting default value: false
18:13:49.218 [main] DEBUG org.apache.commons.beanutils.converters.BooleanConverter -- Converting 'Boolean' value 'false' to type 'Boolean'
18:13:49.218 [main] DEBUG org.apache.commons.beanutils.converters.BooleanConverter --     No conversion required, value is already a Boolean
18:13:49.218 [main] DEBUG org.apache.commons.beanutils.converters.ByteConverter -- Setting default value: 0
18:13:49.218 [main] DEBUG org.apache.commons.beanutils.converters.ByteConverter -- Converting 'Integer' value '0' to type 'Byte'
18:13:49.218 [main] DEBUG org.apache.commons.beanutils.converters.ByteConverter --     Converted to Byte value '0'
18:13:49.218 [main] DEBUG org.apache.commons.beanutils.converters.CharacterConverter -- Setting default value:  
18:13:49.218 [main] DEBUG org.apache.commons.beanutils.converters.CharacterConverter -- Converting 'Character' value ' ' to type 'Character'
18:13:49.218 [main] DEBUG org.apache.commons.beanutils.converters.CharacterConverter --     No conversion required, value is already a Character
18:13:49.219 [main] DEBUG org.apache.commons.beanutils.converters.DoubleConverter -- Setting default value: 0
18:13:49.219 [main] DEBUG org.apache.commons.beanutils.converters.DoubleConverter -- Converting 'Integer' value '0' to type 'Double'
18:13:49.219 [main] DEBUG org.apache.commons.beanutils.converters.DoubleConverter --     Converted to Double value '0.0'
18:13:49.219 [main] DEBUG org.apache.commons.beanutils.converters.FloatConverter -- Setting default value: 0
18:13:49.219 [main] DEBUG org.apache.commons.beanutils.converters.FloatConverter -- Converting 'Integer' value '0' to type 'Float'
18:13:49.219 [main] DEBUG org.apache.commons.beanutils.converters.FloatConverter --     Converted to Float value '0.0'
18:13:49.219 [main] DEBUG org.apache.commons.beanutils.converters.IntegerConverter -- Setting default value: 0
18:13:49.219 [main] DEBUG org.apache.commons.beanutils.converters.IntegerConverter -- Converting 'Integer' value '0' to type 'Integer'
18:13:49.219 [main] DEBUG org.apache.commons.beanutils.converters.IntegerConverter --     No conversion required, value is already a Integer
18:13:49.219 [main] DEBUG org.apache.commons.beanutils.converters.LongConverter -- Setting default value: 0
18:13:49.219 [main] DEBUG org.apache.commons.beanutils.converters.LongConverter -- Converting 'Integer' value '0' to type 'Long'
18:13:49.219 [main] DEBUG org.apache.commons.beanutils.converters.LongConverter --     Converted to Long value '0'
18:13:49.219 [main] DEBUG org.apache.commons.beanutils.converters.ShortConverter -- Setting default value: 0
18:13:49.219 [main] DEBUG org.apache.commons.beanutils.converters.ShortConverter -- Converting 'Integer' value '0' to type 'Short'
18:13:49.219 [main] DEBUG org.apache.commons.beanutils.converters.ShortConverter --     Converted to Short value '0'
18:13:49.220 [main] DEBUG org.apache.commons.beanutils.converters.StringConverter -- Setting default value: 
18:13:49.220 [main] DEBUG org.apache.commons.beanutils.converters.StringConverter -- Converting 'String' value '' to type 'String'
18:13:49.222 [main] DEBUG org.apache.commons.beanutils.converters.ArrayConverter -- Setting default value: [Z@3baf6936
18:13:49.222 [main] DEBUG org.apache.commons.beanutils.converters.ArrayConverter -- Converting 'boolean[]' value '[Z@3baf6936' to type 'boolean[]'
18:13:49.222 [main] DEBUG org.apache.commons.beanutils.converters.ArrayConverter --     No conversion required, value is already a boolean[]
18:13:49.222 [main] DEBUG org.apache.commons.beanutils.converters.ArrayConverter -- Setting default value: [B@285f38f6
18:13:49.222 [main] DEBUG org.apache.commons.beanutils.converters.ArrayConverter -- Converting 'byte[]' value '[B@285f38f6' to type 'byte[]'
18:13:49.222 [main] DEBUG org.apache.commons.beanutils.converters.ArrayConverter --     No conversion required, value is already a byte[]
18:13:49.222 [main] DEBUG org.apache.commons.beanutils.converters.ArrayConverter -- Setting default value: [C@4e1459ea
18:13:49.223 [main] DEBUG org.apache.commons.beanutils.converters.ArrayConverter -- Converting 'char[]' value '[C@4e1459ea' to type 'char[]'
18:13:49.223 [main] DEBUG org.apache.commons.beanutils.converters.ArrayConverter --     No conversion required, value is already a char[]
18:13:49.223 [main] DEBUG org.apache.commons.beanutils.converters.ArrayConverter -- Setting default value: [D@3ab6678b
18:13:49.223 [main] DEBUG org.apache.commons.beanutils.converters.ArrayConverter -- Converting 'double[]' value '[D@3ab6678b' to type 'double[]'
18:13:49.223 [main] DEBUG org.apache.commons.beanutils.converters.ArrayConverter --     No conversion required, value is already a double[]
18:13:49.223 [main] DEBUG org.apache.commons.beanutils.converters.ArrayConverter -- Setting default value: [F@7a904f32
18:13:49.223 [main] DEBUG org.apache.commons.beanutils.converters.ArrayConverter -- Converting 'float[]' value '[F@7a904f32' to type 'float[]'
18:13:49.223 [main] DEBUG org.apache.commons.beanutils.converters.ArrayConverter --     No conversion required, value is already a float[]
18:13:49.223 [main] DEBUG org.apache.commons.beanutils.converters.ArrayConverter -- Setting default value: [I@2b59501e
18:13:49.223 [main] DEBUG org.apache.commons.beanutils.converters.ArrayConverter -- Converting 'int[]' value '[I@2b59501e' to type 'int[]'
18:13:49.223 [main] DEBUG org.apache.commons.beanutils.converters.ArrayConverter --     No conversion required, value is already a int[]
18:13:49.223 [main] DEBUG org.apache.commons.beanutils.converters.ArrayConverter -- Setting default value: [J@476e8796
18:13:49.223 [main] DEBUG org.apache.commons.beanutils.converters.ArrayConverter -- Converting 'long[]' value '[J@476e8796' to type 'long[]'
18:13:49.223 [main] DEBUG org.apache.commons.beanutils.converters.ArrayConverter --     No conversion required, value is already a long[]
18:13:49.223 [main] DEBUG org.apache.commons.beanutils.converters.ArrayConverter -- Setting default value: [S@4eed2acf
18:13:49.223 [main] DEBUG org.apache.commons.beanutils.converters.ArrayConverter -- Converting 'short[]' value '[S@4eed2acf' to type 'short[]'
18:13:49.223 [main] DEBUG org.apache.commons.beanutils.converters.ArrayConverter --     No conversion required, value is already a short[]
18:13:49.224 [main] DEBUG org.apache.commons.beanutils.converters.ArrayConverter -- Setting default value: [Ljava.math.BigDecimal;@36fc05ff
18:13:49.224 [main] DEBUG org.apache.commons.beanutils.converters.ArrayConverter -- Converting 'BigDecimal[]' value '[Ljava.math.BigDecimal;@36fc05ff' to type 'BigDecimal[]'
18:13:49.224 [main] DEBUG org.apache.commons.beanutils.converters.ArrayConverter --     No conversion required, value is already a BigDecimal[]
18:13:49.224 [main] DEBUG org.apache.commons.beanutils.converters.ArrayConverter -- Setting default value: [Ljava.math.BigInteger;@57c47a9e
18:13:49.224 [main] DEBUG org.apache.commons.beanutils.converters.ArrayConverter -- Converting 'BigInteger[]' value '[Ljava.math.BigInteger;@57c47a9e' to type 'BigInteger[]'
18:13:49.224 [main] DEBUG org.apache.commons.beanutils.converters.ArrayConverter --     No conversion required, value is already a BigInteger[]
18:13:49.224 [main] DEBUG org.apache.commons.beanutils.converters.ArrayConverter -- Setting default value: [Ljava.lang.Boolean;@642505c7
18:13:49.224 [main] DEBUG org.apache.commons.beanutils.converters.ArrayConverter -- Converting 'Boolean[]' value '[Ljava.lang.Boolean;@642505c7' to type 'Boolean[]'
18:13:49.224 [main] DEBUG org.apache.commons.beanutils.converters.ArrayConverter --     No conversion required, value is already a Boolean[]
18:13:49.224 [main] DEBUG org.apache.commons.beanutils.converters.ArrayConverter -- Setting default value: [Ljava.lang.Byte;@4339e0de
18:13:49.224 [main] DEBUG org.apache.commons.beanutils.converters.ArrayConverter -- Converting 'Byte[]' value '[Ljava.lang.Byte;@4339e0de' to type 'Byte[]'
18:13:49.224 [main] DEBUG org.apache.commons.beanutils.converters.ArrayConverter --     No conversion required, value is already a Byte[]
18:13:49.224 [main] DEBUG org.apache.commons.beanutils.converters.ArrayConverter -- Setting default value: [Ljava.lang.Character;@153cd6bb
18:13:49.224 [main] DEBUG org.apache.commons.beanutils.converters.ArrayConverter -- Converting 'Character[]' value '[Ljava.lang.Character;@153cd6bb' to type 'Character[]'
18:13:49.224 [main] DEBUG org.apache.commons.beanutils.converters.ArrayConverter --     No conversion required, value is already a Character[]
18:13:49.225 [main] DEBUG org.apache.commons.beanutils.converters.ArrayConverter -- Setting default value: [Ljava.lang.Double;@61d84e08
18:13:49.225 [main] DEBUG org.apache.commons.beanutils.converters.ArrayConverter -- Converting 'Double[]' value '[Ljava.lang.Double;@61d84e08' to type 'Double[]'
18:13:49.225 [main] DEBUG org.apache.commons.beanutils.converters.ArrayConverter --     No conversion required, value is already a Double[]
18:13:49.225 [main] DEBUG org.apache.commons.beanutils.converters.ArrayConverter -- Setting default value: [Ljava.lang.Float;@2d9f64c9
18:13:49.225 [main] DEBUG org.apache.commons.beanutils.converters.ArrayConverter -- Converting 'Float[]' value '[Ljava.lang.Float;@2d9f64c9' to type 'Float[]'
18:13:49.225 [main] DEBUG org.apache.commons.beanutils.converters.ArrayConverter --     No conversion required, value is already a Float[]
18:13:49.225 [main] DEBUG org.apache.commons.beanutils.converters.ArrayConverter -- Setting default value: [Ljava.lang.Integer;@21ac5eb4
18:13:49.225 [main] DEBUG org.apache.commons.beanutils.converters.ArrayConverter -- Converting 'Integer[]' value '[Ljava.lang.Integer;@21ac5eb4' to type 'Integer[]'
18:13:49.225 [main] DEBUG org.apache.commons.beanutils.converters.ArrayConverter --     No conversion required, value is already a Integer[]
18:13:49.225 [main] DEBUG org.apache.commons.beanutils.converters.ArrayConverter -- Setting default value: [Ljava.lang.Long;@52d6cd34
18:13:49.225 [main] DEBUG org.apache.commons.beanutils.converters.ArrayConverter -- Converting 'Long[]' value '[Ljava.lang.Long;@52d6cd34' to type 'Long[]'
18:13:49.225 [main] DEBUG org.apache.commons.beanutils.converters.ArrayConverter --     No conversion required, value is already a Long[]
18:13:49.225 [main] DEBUG org.apache.commons.beanutils.converters.ArrayConverter -- Setting default value: [Ljava.lang.Short;@715d6168
18:13:49.225 [main] DEBUG org.apache.commons.beanutils.converters.ArrayConverter -- Converting 'Short[]' value '[Ljava.lang.Short;@715d6168' to type 'Short[]'
18:13:49.225 [main] DEBUG org.apache.commons.beanutils.converters.ArrayConverter --     No conversion required, value is already a Short[]
18:13:49.225 [main] DEBUG org.apache.commons.beanutils.converters.ArrayConverter -- Setting default value: [Ljava.lang.String;@27b2faa6
18:13:49.225 [main] DEBUG org.apache.commons.beanutils.converters.ArrayConverter -- Converting 'String[]' value '[Ljava.lang.String;@27b2faa6' to type 'String[]'
18:13:49.225 [main] DEBUG org.apache.commons.beanutils.converters.ArrayConverter --     No conversion required, value is already a String[]
18:13:49.225 [main] DEBUG org.apache.commons.beanutils.converters.ArrayConverter -- Setting default value: [Ljava.lang.Class;@6428591a
18:13:49.225 [main] DEBUG org.apache.commons.beanutils.converters.ArrayConverter -- Converting 'Class[]' value '[Ljava.lang.Class;@6428591a' to type 'Class[]'
18:13:49.225 [main] DEBUG org.apache.commons.beanutils.converters.ArrayConverter --     No conversion required, value is already a Class[]
18:13:49.226 [main] DEBUG org.apache.commons.beanutils.converters.ArrayConverter -- Setting default value: [Ljava.util.Date;@7397c6
18:13:49.226 [main] DEBUG org.apache.commons.beanutils.converters.ArrayConverter -- Converting 'Date[]' value '[Ljava.util.Date;@7397c6' to type 'Date[]'
18:13:49.226 [main] DEBUG org.apache.commons.beanutils.converters.ArrayConverter --     No conversion required, value is already a Date[]
18:13:49.226 [main] DEBUG org.apache.commons.beanutils.converters.ArrayConverter -- Setting default value: [Ljava.util.Calendar;@2a685eba
18:13:49.226 [main] DEBUG org.apache.commons.beanutils.converters.ArrayConverter -- Converting 'Calendar[]' value '[Ljava.util.Calendar;@2a685eba' to type 'Calendar[]'
18:13:49.226 [main] DEBUG org.apache.commons.beanutils.converters.ArrayConverter --     No conversion required, value is already a Calendar[]
18:13:49.226 [main] DEBUG org.apache.commons.beanutils.converters.ArrayConverter -- Setting default value: [Ljava.io.File;@107f4980
18:13:49.226 [main] DEBUG org.apache.commons.beanutils.converters.ArrayConverter -- Converting 'java.io.File[]' value '[Ljava.io.File;@107f4980' to type 'java.io.File[]'
18:13:49.226 [main] DEBUG org.apache.commons.beanutils.converters.ArrayConverter --     No conversion required, value is already a java.io.File[]
18:13:49.226 [main] DEBUG org.apache.commons.beanutils.converters.ArrayConverter -- Setting default value: [Ljava.sql.Date;@1d540566
18:13:49.226 [main] DEBUG org.apache.commons.beanutils.converters.ArrayConverter -- Converting 'java.sql.Date[]' value '[Ljava.sql.Date;@1d540566' to type 'java.sql.Date[]'
18:13:49.226 [main] DEBUG org.apache.commons.beanutils.converters.ArrayConverter --     No conversion required, value is already a java.sql.Date[]
18:13:49.226 [main] DEBUG org.apache.commons.beanutils.converters.ArrayConverter -- Setting default value: [Ljava.sql.Time;@acdcf71
18:13:49.226 [main] DEBUG org.apache.commons.beanutils.converters.ArrayConverter -- Converting 'java.sql.Time[]' value '[Ljava.sql.Time;@acdcf71' to type 'java.sql.Time[]'
18:13:49.227 [main] DEBUG org.apache.commons.beanutils.converters.ArrayConverter --     No conversion required, value is already a java.sql.Time[]
18:13:49.227 [main] DEBUG org.apache.commons.beanutils.converters.ArrayConverter -- Setting default value: [Ljava.sql.Timestamp;@4a14c44f
18:13:49.227 [main] DEBUG org.apache.commons.beanutils.converters.ArrayConverter -- Converting 'java.sql.Timestamp[]' value '[Ljava.sql.Timestamp;@4a14c44f' to type 'java.sql.Timestamp[]'
18:13:49.227 [main] DEBUG org.apache.commons.beanutils.converters.ArrayConverter --     No conversion required, value is already a java.sql.Timestamp[]
18:13:49.227 [main] DEBUG org.apache.commons.beanutils.converters.ArrayConverter -- Setting default value: [Ljava.net.URL;@6bda1d19
18:13:49.227 [main] DEBUG org.apache.commons.beanutils.converters.ArrayConverter -- Converting 'java.net.URL[]' value '[Ljava.net.URL;@6bda1d19' to type 'java.net.URL[]'
18:13:49.227 [main] DEBUG org.apache.commons.beanutils.converters.ArrayConverter --     No conversion required, value is already a java.net.URL[]
18:13:49.228 [main] DEBUG org.apache.commons.beanutils.converters.IntegerConverter -- Setting default value: null
18:13:49.228 [main] DEBUG org.apache.commons.beanutils.converters.FloatConverter -- Setting default value: null
18:13:49.228 [main] DEBUG org.apache.commons.beanutils.converters.DoubleConverter -- Setting default value: null
=== Starting testDoRefreshCredentialSupplier(org.conjur.jenkins.configuration.ConjurConfigurationTest)
18:13:49.280 [Executing testDoRefreshCredentialSupplier(org.conjur.jenkins.configuration.ConjurConfigurationTest)] DEBUG org.eclipse.jetty.util.component.ContainerLifeCycle -- QueuedThreadPool[qtp1785737567]@6a70315f{STOPPED,8<=0<=200,i=0,r=-1,q=0}[NO_TRY] added {org.eclipse.jetty.util.thread.ThreadPoolBudget@313c0ccf,POJO}
18:13:49.286 [Executing testDoRefreshCredentialSupplier(org.conjur.jenkins.configuration.ConjurConfigurationTest)] DEBUG org.eclipse.jetty.util.component.ContainerLifeCycle -- Server@2a062be8{STOPPED}[9.4.48.v20220622] added {QueuedThreadPool[Jetty (JenkinsRule)]@6a70315f{STOPPED,8<=0<=200,i=0,r=-1,q=0}[NO_TRY],AUTO}
18:13:49.335 [Executing testDoRefreshCredentialSupplier(org.conjur.jenkins.configuration.ConjurConfigurationTest)] DEBUG org.eclipse.jetty.util.component.ContainerLifeCycle -- o.e.j.w.WebAppContext@1fe2a40d{/,null,STOPPED} added {SymlinkAllowedResourceAliasChecker@5589cab7{base=null,protected=null},MANAGED}
18:13:49.339 [Executing testDoRefreshCredentialSupplier(org.conjur.jenkins.configuration.ConjurConfigurationTest)] DEBUG org.eclipse.jetty.util.DecoratedObjectFactory -- Adding Decorator: org.eclipse.jetty.util.DeprecationWarning@cde541d
18:13:49.346 [Executing testDoRefreshCredentialSupplier(org.conjur.jenkins.configuration.ConjurConfigurationTest)] DEBUG org.eclipse.jetty.util.component.ContainerLifeCycle -- o.e.j.w.WebAppContext@1fe2a40d{/jenkins,null,STOPPED} added {org.eclipse.jetty.server.session.SessionHandler1929098746==dftMaxIdleSec=-1,MANAGED}
18:13:49.350 [Executing testDoRefreshCredentialSupplier(org.conjur.jenkins.configuration.ConjurConfigurationTest)] DEBUG org.eclipse.jetty.util.component.ContainerLifeCycle -- ConstraintSecurityHandler@6252ac9d{STOPPED} added {org.eclipse.jetty.util.component.DumpableCollection@3865e006,POJO}
18:13:49.351 [Executing testDoRefreshCredentialSupplier(org.conjur.jenkins.configuration.ConjurConfigurationTest)] DEBUG org.eclipse.jetty.util.component.ContainerLifeCycle -- org.eclipse.jetty.server.session.SessionHandler1929098746==dftMaxIdleSec=-1 added {ConstraintSecurityHandler@6252ac9d{STOPPED},MANAGED}
18:13:49.355 [Executing testDoRefreshCredentialSupplier(org.conjur.jenkins.configuration.ConjurConfigurationTest)] DEBUG org.eclipse.jetty.util.component.ContainerLifeCycle -- ConstraintSecurityHandler@6252ac9d{STOPPED} added {ServletHandler@60d90f09{STOPPED},MANAGED}
18:13:49.355 [Executing testDoRefreshCredentialSupplier(org.conjur.jenkins.configuration.ConjurConfigurationTest)] DEBUG org.eclipse.jetty.util.component.ContainerLifeCycle -- o.e.j.w.WebAppContext@1fe2a40d{/jenkins,null,STOPPED} added {ErrorPageErrorHandler@e2ebc38{STOPPED},MANAGED}
18:13:49.363 [Executing testDoRefreshCredentialSupplier(org.conjur.jenkins.configuration.ConjurConfigurationTest)] DEBUG org.eclipse.jetty.util.component.ContainerLifeCycle -- o.e.j.w.WebAppContext@1fe2a40d{/jenkins,null,STOPPED}{/Users/sameer.shaik/MyWorkSpace/17OctV2.2.3-New-BitBucketIssueFixed/conjur-credentials-plugin/target/jenkins-for-test} added {NoListenerConfiguration@778b1950{STOPPED},AUTO}
18:13:49.363 [Executing testDoRefreshCredentialSupplier(org.conjur.jenkins.configuration.ConjurConfigurationTest)] DEBUG org.eclipse.jetty.util.component.ContainerLifeCycle -- Server@2a062be8{STOPPED}[9.4.48.v20220622] added {o.e.j.w.WebAppContext@1fe2a40d{/jenkins,null,STOPPED}{/Users/sameer.shaik/MyWorkSpace/17OctV2.2.3-New-BitBucketIssueFixed/conjur-credentials-plugin/target/jenkins-for-test},MANAGED}
18:13:49.366 [Executing testDoRefreshCredentialSupplier(org.conjur.jenkins.configuration.ConjurConfigurationTest)] DEBUG org.eclipse.jetty.util.component.ContainerLifeCycle -- HashLoginService@3f89283a[null] added {org.eclipse.jetty.security.DefaultIdentityService@428d2f91,POJO}
18:13:49.366 [Executing testDoRefreshCredentialSupplier(org.conjur.jenkins.configuration.ConjurConfigurationTest)] DEBUG org.eclipse.jetty.util.component.ContainerLifeCycle -- HashLoginService@3f89283a[default] added {UserStore@3f9f5069{STOPPED},AUTO}
18:13:49.372 [Executing testDoRefreshCredentialSupplier(org.conjur.jenkins.configuration.ConjurConfigurationTest)] DEBUG org.eclipse.jetty.util.component.ContainerLifeCycle -- ConstraintSecurityHandler@6252ac9d{STOPPED} added {HashLoginService@3f89283a[default],AUTO}
18:13:49.391 [Executing testDoRefreshCredentialSupplier(org.conjur.jenkins.configuration.ConjurConfigurationTest)] DEBUG org.eclipse.jetty.util.component.ContainerLifeCycle -- HttpConnectionFactory@d6ff7e4[HTTP/1.1] added {HttpConfiguration@3e9acf80{32768/8192,8192/8192,https://:0,[]},POJO}
18:13:49.398 [Executing testDoRefreshCredentialSupplier(org.conjur.jenkins.configuration.ConjurConfigurationTest)] DEBUG org.eclipse.jetty.util.component.ContainerLifeCycle -- ServerConnector@34df42ee{null, ()}{0.0.0.0:0} added {Server@2a062be8{STOPPED}[9.4.48.v20220622],UNMANAGED}
18:13:49.398 [Executing testDoRefreshCredentialSupplier(org.conjur.jenkins.configuration.ConjurConfigurationTest)] DEBUG org.eclipse.jetty.util.component.ContainerLifeCycle -- ServerConnector@34df42ee{null, ()}{0.0.0.0:0} added {QueuedThreadPool[Jetty (JenkinsRule)]@6a70315f{STOPPED,8<=0<=200,i=0,r=-1,q=0}[NO_TRY],AUTO}
18:13:49.398 [Executing testDoRefreshCredentialSupplier(org.conjur.jenkins.configuration.ConjurConfigurationTest)] DEBUG org.eclipse.jetty.util.component.ContainerLifeCycle -- ServerConnector@34df42ee{null, ()}{0.0.0.0:0} added {ScheduledExecutorScheduler@591be956{STOPPED},AUTO}
18:13:49.398 [Executing testDoRefreshCredentialSupplier(org.conjur.jenkins.configuration.ConjurConfigurationTest)] DEBUG org.eclipse.jetty.util.component.ContainerLifeCycle -- ServerConnector@34df42ee{null, ()}{0.0.0.0:0} added {ArrayByteBufferPool@4351ebc8{minBufferCapacity=0, maxBufferCapacity=65536, maxQueueLength=-1, factor=1024},POJO}
18:13:49.399 [Executing testDoRefreshCredentialSupplier(org.conjur.jenkins.configuration.ConjurConfigurationTest)] DEBUG org.eclipse.jetty.util.component.ContainerLifeCycle -- ServerConnector@34df42ee{null, (http/1.1)}{0.0.0.0:0} added {HttpConnectionFactory@d6ff7e4[HTTP/1.1],AUTO}
18:13:49.399 [Executing testDoRefreshCredentialSupplier(org.conjur.jenkins.configuration.ConjurConfigurationTest)] DEBUG org.eclipse.jetty.server.AbstractConnector -- ServerConnector@34df42ee{HTTP/1.1, (http/1.1)}{0.0.0.0:0} added HttpConnectionFactory@d6ff7e4[HTTP/1.1]
18:13:49.402 [Executing testDoRefreshCredentialSupplier(org.conjur.jenkins.configuration.ConjurConfigurationTest)] DEBUG org.eclipse.jetty.util.component.ContainerLifeCycle -- ServerConnector@34df42ee{HTTP/1.1, (http/1.1)}{0.0.0.0:0} added {SelectorManager@ServerConnector@34df42ee{HTTP/1.1, (http/1.1)}{0.0.0.0:0},MANAGED}
18:13:49.402 [Executing testDoRefreshCredentialSupplier(org.conjur.jenkins.configuration.ConjurConfigurationTest)] DEBUG org.eclipse.jetty.util.component.ContainerLifeCycle -- Server@2a062be8{STOPPED}[9.4.48.v20220622] added {ServerConnector@34df42ee{HTTP/1.1, (http/1.1)}{localhost:0},AUTO}
18:13:49.402 [Executing testDoRefreshCredentialSupplier(org.conjur.jenkins.configuration.ConjurConfigurationTest)] DEBUG org.eclipse.jetty.util.component.AbstractLifeCycle -- starting Server@2a062be8{STOPPED}[9.4.48.v20220622]
18:13:49.402 [Executing testDoRefreshCredentialSupplier(org.conjur.jenkins.configuration.ConjurConfigurationTest)] DEBUG org.eclipse.jetty.util.component.ContainerLifeCycle -- Server@2a062be8{STARTING}[9.4.48.v20220622] added {ErrorHandler@23d0e2bd{STOPPED},AUTO}
18:13:49.403 [Executing testDoRefreshCredentialSupplier(org.conjur.jenkins.configuration.ConjurConfigurationTest)] INFO org.eclipse.jetty.server.Server -- jetty-9.4.48.v20220622; built: 2022-06-21T20:42:25.880Z; git: 6b67c5719d1f4371b33655ff2d047d24e171e49a; jvm 17.0.11+9-adhoc.admin.jdk17u
18:13:49.410 [Executing testDoRefreshCredentialSupplier(org.conjur.jenkins.configuration.ConjurConfigurationTest)] DEBUG org.eclipse.jetty.server.handler.AbstractHandler -- starting Server@2a062be8{STARTING}[9.4.48.v20220622]
18:13:49.411 [Executing testDoRefreshCredentialSupplier(org.conjur.jenkins.configuration.ConjurConfigurationTest)] DEBUG org.eclipse.jetty.util.component.AbstractLifeCycle -- starting QueuedThreadPool[Jetty (JenkinsRule)]@6a70315f{STOPPED,8<=0<=200,i=0,r=-1,q=0}[NO_TRY]
18:13:49.411 [Executing testDoRefreshCredentialSupplier(org.conjur.jenkins.configuration.ConjurConfigurationTest)] DEBUG org.eclipse.jetty.util.thread.ReservedThreadExecutor -- ReservedThreadExecutor@6c50b992{reserved=0/16,pending=0}
18:13:49.412 [Executing testDoRefreshCredentialSupplier(org.conjur.jenkins.configuration.ConjurConfigurationTest)] DEBUG org.eclipse.jetty.util.component.ContainerLifeCycle -- QueuedThreadPool[Jetty (JenkinsRule)]@6a70315f{STARTING,8<=0<=200,i=0,r=-1,q=0}[ReservedThreadExecutor@6c50b992{reserved=0/16,pending=0}] added {ReservedThreadExecutor@6c50b992{reserved=0/16,pending=0},AUTO}
18:13:49.412 [Executing testDoRefreshCredentialSupplier(org.conjur.jenkins.configuration.ConjurConfigurationTest)] DEBUG org.eclipse.jetty.util.component.AbstractLifeCycle -- starting ReservedThreadExecutor@6c50b992{reserved=0/16,pending=0}
18:13:49.413 [Executing testDoRefreshCredentialSupplier(org.conjur.jenkins.configuration.ConjurConfigurationTest)] DEBUG org.eclipse.jetty.util.component.AbstractLifeCycle -- STARTED @2448ms ReservedThreadExecutor@6c50b992{reserved=0/16,pending=0}
18:13:49.415 [Executing testDoRefreshCredentialSupplier(org.conjur.jenkins.configuration.ConjurConfigurationTest)] DEBUG org.eclipse.jetty.util.thread.QueuedThreadPool -- Starting Thread[Jetty (JenkinsRule)-30,5,main]
18:13:49.415 [Executing testDoRefreshCredentialSupplier(org.conjur.jenkins.configuration.ConjurConfigurationTest)] DEBUG org.eclipse.jetty.util.thread.QueuedThreadPool -- Starting Thread[Jetty (JenkinsRule)-31,5,main]
18:13:49.415 [Executing testDoRefreshCredentialSupplier(org.conjur.jenkins.configuration.ConjurConfigurationTest)] DEBUG org.eclipse.jetty.util.thread.QueuedThreadPool -- Starting Thread[Jetty (JenkinsRule)-32,5,main]
18:13:49.415 [Jetty (JenkinsRule)-30] DEBUG org.eclipse.jetty.util.thread.QueuedThreadPool -- Runner started for QueuedThreadPool[Jetty (JenkinsRule)]@6a70315f{STARTING,8<=2<=200,i=2,r=-1,q=0}[ReservedThreadExecutor@6c50b992{reserved=0/16,pending=0}]
18:13:49.415 [Executing testDoRefreshCredentialSupplier(org.conjur.jenkins.configuration.ConjurConfigurationTest)] DEBUG org.eclipse.jetty.util.thread.QueuedThreadPool -- Starting Thread[Jetty (JenkinsRule)-33,5,main]
18:13:49.415 [Jetty (JenkinsRule)-31] DEBUG org.eclipse.jetty.util.thread.QueuedThreadPool -- Runner started for QueuedThreadPool[Jetty (JenkinsRule)]@6a70315f{STARTING,8<=3<=200,i=3,r=-1,q=0}[ReservedThreadExecutor@6c50b992{reserved=0/16,pending=0}]
18:13:49.415 [Executing testDoRefreshCredentialSupplier(org.conjur.jenkins.configuration.ConjurConfigurationTest)] DEBUG org.eclipse.jetty.util.thread.QueuedThreadPool -- Starting Thread[Jetty (JenkinsRule)-34,5,main]
18:13:49.416 [Jetty (JenkinsRule)-32] DEBUG org.eclipse.jetty.util.thread.QueuedThreadPool -- Runner started for QueuedThreadPool[Jetty (JenkinsRule)]@6a70315f{STARTING,8<=4<=200,i=4,r=-1,q=0}[ReservedThreadExecutor@6c50b992{reserved=0/16,pending=0}]
18:13:49.416 [Jetty (JenkinsRule)-33] DEBUG org.eclipse.jetty.util.thread.QueuedThreadPool -- Runner started for QueuedThreadPool[Jetty (JenkinsRule)]@6a70315f{STARTING,8<=5<=200,i=5,r=-1,q=0}[ReservedThreadExecutor@6c50b992{reserved=0/16,pending=0}]
18:13:49.416 [Executing testDoRefreshCredentialSupplier(org.conjur.jenkins.configuration.ConjurConfigurationTest)] DEBUG org.eclipse.jetty.util.thread.QueuedThreadPool -- Starting Thread[Jetty (JenkinsRule)-35,5,main]
18:13:49.416 [Jetty (JenkinsRule)-34] DEBUG org.eclipse.jetty.util.thread.QueuedThreadPool -- Runner started for QueuedThreadPool[Jetty (JenkinsRule)]@6a70315f{STARTING,8<=6<=200,i=6,r=-1,q=0}[ReservedThreadExecutor@6c50b992{reserved=0/16,pending=0}]
18:13:49.416 [Executing testDoRefreshCredentialSupplier(org.conjur.jenkins.configuration.ConjurConfigurationTest)] DEBUG org.eclipse.jetty.util.thread.QueuedThreadPool -- Starting Thread[Jetty (JenkinsRule)-36,5,main]
18:13:49.416 [Executing testDoRefreshCredentialSupplier(org.conjur.jenkins.configuration.ConjurConfigurationTest)] DEBUG org.eclipse.jetty.util.thread.QueuedThreadPool -- Starting Thread[Jetty (JenkinsRule)-37,5,main]
18:13:49.416 [Jetty (JenkinsRule)-35] DEBUG org.eclipse.jetty.util.thread.QueuedThreadPool -- Runner started for QueuedThreadPool[Jetty (JenkinsRule)]@6a70315f{STARTING,8<=7<=200,i=7,r=-1,q=0}[ReservedThreadExecutor@6c50b992{reserved=0/16,pending=0}]
18:13:49.416 [Jetty (JenkinsRule)-36] DEBUG org.eclipse.jetty.util.thread.QueuedThreadPool -- Runner started for QueuedThreadPool[Jetty (JenkinsRule)]@6a70315f{STARTING,8<=8<=200,i=8,r=-1,q=0}[ReservedThreadExecutor@6c50b992{reserved=0/16,pending=0}]
18:13:49.416 [Executing testDoRefreshCredentialSupplier(org.conjur.jenkins.configuration.ConjurConfigurationTest)] DEBUG org.eclipse.jetty.util.component.AbstractLifeCycle -- STARTED @2451ms QueuedThreadPool[Jetty (JenkinsRule)]@6a70315f{STARTED,8<=8<=200,i=8,r=-1,q=0}[ReservedThreadExecutor@6c50b992{reserved=0/16,pending=0}]
18:13:49.416 [Executing testDoRefreshCredentialSupplier(org.conjur.jenkins.configuration.ConjurConfigurationTest)] DEBUG org.eclipse.jetty.util.component.AbstractLifeCycle -- starting o.e.j.w.WebAppContext@1fe2a40d{/jenkins,file:///Users/sameer.shaik/MyWorkSpace/17OctV2.2.3-New-BitBucketIssueFixed/conjur-credentials-plugin/target/jenkins-for-test/,STOPPED}{/Users/sameer.shaik/MyWorkSpace/17OctV2.2.3-New-BitBucketIssueFixed/conjur-credentials-plugin/target/jenkins-for-test}
18:13:49.417 [Jetty (JenkinsRule)-37] DEBUG org.eclipse.jetty.util.thread.QueuedThreadPool -- Runner started for QueuedThreadPool[Jetty (JenkinsRule)]@6a70315f{STARTED,8<=8<=200,i=8,r=-1,q=0}[ReservedThreadExecutor@6c50b992{reserved=0/16,pending=0}]
18:13:49.422 [Executing testDoRefreshCredentialSupplier(org.conjur.jenkins.configuration.ConjurConfigurationTest)] DEBUG org.eclipse.jetty.webapp.WebAppContext -- Thread Context classloader jdk.internal.loader.ClassLoaders$AppClassLoader@5ffd2b27
18:13:49.422 [Executing testDoRefreshCredentialSupplier(org.conjur.jenkins.configuration.ConjurConfigurationTest)] DEBUG org.eclipse.jetty.webapp.WebAppContext -- Parent class loader: jdk.internal.loader.ClassLoaders$PlatformClassLoader@36dce7ed 
18:13:49.422 [Executing testDoRefreshCredentialSupplier(org.conjur.jenkins.configuration.ConjurConfigurationTest)] DEBUG org.eclipse.jetty.webapp.WebAppContext -- preConfigure o.e.j.w.WebAppContext@1fe2a40d{/jenkins,file:///Users/sameer.shaik/MyWorkSpace/17OctV2.2.3-New-BitBucketIssueFixed/conjur-credentials-plugin/target/jenkins-for-test/,STOPPED}{/Users/sameer.shaik/MyWorkSpace/17OctV2.2.3-New-BitBucketIssueFixed/conjur-credentials-plugin/target/jenkins-for-test} with org.eclipse.jetty.webapp.WebXmlConfiguration@4e561640
18:13:49.454 [Executing testDoRefreshCredentialSupplier(org.conjur.jenkins.configuration.ConjurConfigurationTest)] DEBUG org.eclipse.jetty.webapp.WebDescriptor -- jar:file:/Users/sameer.shaik/.m2/repository/org/eclipse/jetty/jetty-webapp/9.4.48.v20220622/jetty-webapp-9.4.48.v20220622.jar!/org/eclipse/jetty/webapp/webdefault.xml: Calculated metadatacomplete = False with version=3.1
18:13:49.458 [Executing testDoRefreshCredentialSupplier(org.conjur.jenkins.configuration.ConjurConfigurationTest)] DEBUG org.eclipse.jetty.webapp.WebDescriptor -- file:///Users/sameer.shaik/MyWorkSpace/17OctV2.2.3-New-BitBucketIssueFixed/conjur-credentials-plugin/target/jenkins-for-test/WEB-INF/web.xml: Calculated metadatacomplete = True with version=3.1
18:13:49.458 [Executing testDoRefreshCredentialSupplier(org.conjur.jenkins.configuration.ConjurConfigurationTest)] DEBUG org.eclipse.jetty.webapp.WebAppContext -- configure o.e.j.w.WebAppContext@1fe2a40d{/jenkins,file:///Users/sameer.shaik/MyWorkSpace/17OctV2.2.3-New-BitBucketIssueFixed/conjur-credentials-plugin/target/jenkins-for-test/,STARTING}{/Users/sameer.shaik/MyWorkSpace/17OctV2.2.3-New-BitBucketIssueFixed/conjur-credentials-plugin/target/jenkins-for-test} with org.eclipse.jetty.webapp.WebXmlConfiguration@4e561640
18:13:49.462 [Executing testDoRefreshCredentialSupplier(org.conjur.jenkins.configuration.ConjurConfigurationTest)] DEBUG org.eclipse.jetty.webapp.MetaData -- metadata resolve o.e.j.w.WebAppContext@1fe2a40d{/jenkins,file:///Users/sameer.shaik/MyWorkSpace/17OctV2.2.3-New-BitBucketIssueFixed/conjur-credentials-plugin/target/jenkins-for-test/,STARTING}{/Users/sameer.shaik/MyWorkSpace/17OctV2.2.3-New-BitBucketIssueFixed/conjur-credentials-plugin/target/jenkins-for-test}
18:13:49.463 [Executing testDoRefreshCredentialSupplier(org.conjur.jenkins.configuration.ConjurConfigurationTest)] DEBUG org.eclipse.jetty.util.component.ContainerLifeCycle -- ServletHandler@60d90f09{STOPPED} added {org.eclipse.jetty.servlet.listener.ELContextCleaner@402a6d75{src=DESCRIPTOR:jar:file:/Users/sameer.shaik/.m2/repository/org/eclipse/jetty/jetty-webapp/9.4.48.v20220622/jetty-webapp-9.4.48.v20220622.jar!/org/eclipse/jetty/webapp/webdefault.xml},AUTO}
18:13:49.464 [Executing testDoRefreshCredentialSupplier(org.conjur.jenkins.configuration.ConjurConfigurationTest)] DEBUG org.eclipse.jetty.util.component.ContainerLifeCycle -- ServletHandler@60d90f09{STOPPED} added {org.eclipse.jetty.servlet.listener.IntrospectorCleaner@46ace61e{src=DESCRIPTOR:jar:file:/Users/sameer.shaik/.m2/repository/org/eclipse/jetty/jetty-webapp/9.4.48.v20220622/jetty-webapp-9.4.48.v20220622.jar!/org/eclipse/jetty/webapp/webdefault.xml},AUTO}
18:13:49.467 [Executing testDoRefreshCredentialSupplier(org.conjur.jenkins.configuration.ConjurConfigurationTest)] DEBUG org.eclipse.jetty.webapp.StandardDescriptorProcessor -- Added mapping [/]=>default 
18:13:49.467 [Executing testDoRefreshCredentialSupplier(org.conjur.jenkins.configuration.ConjurConfigurationTest)] INFO org.eclipse.jetty.webapp.StandardDescriptorProcessor -- NO JSP Support for /jenkins, did not find org.eclipse.jetty.jsp.JettyJspServlet
18:13:49.467 [Executing testDoRefreshCredentialSupplier(org.conjur.jenkins.configuration.ConjurConfigurationTest)] DEBUG org.eclipse.jetty.webapp.StandardDescriptorProcessor -- Added mapping [*.jsp, *.jspf, *.jspx, *.xsp, *.JSP, *.JSPF, *.JSPX, *.XSP]=>jsp 
18:13:49.468 [Executing testDoRefreshCredentialSupplier(org.conjur.jenkins.configuration.ConjurConfigurationTest)] DEBUG org.eclipse.jetty.server.session -- SessionManager default maxInactiveInterval=1800
18:13:49.469 [Executing testDoRefreshCredentialSupplier(org.conjur.jenkins.configuration.ConjurConfigurationTest)] DEBUG org.eclipse.jetty.util.component.ContainerLifeCycle -- ServletHandler@60d90f09{STOPPED} added {default==org.eclipse.jetty.servlet.DefaultServlet@5c13d641{jsp=null,order=0,inst=false,async=false,src=DESCRIPTOR:jar:file:/Users/sameer.shaik/.m2/repository/org/eclipse/jetty/jetty-webapp/9.4.48.v20220622/jetty-webapp-9.4.48.v20220622.jar!/org/eclipse/jetty/webapp/webdefault.xml,STOPPED},AUTO}
18:13:49.469 [Executing testDoRefreshCredentialSupplier(org.conjur.jenkins.configuration.ConjurConfigurationTest)] DEBUG org.eclipse.jetty.util.component.ContainerLifeCycle -- ServletHandler@60d90f09{STOPPED} added {jsp==org.eclipse.jetty.servlet.NoJspServlet@19c47{jsp=null,order=0,inst=false,async=false,src=DESCRIPTOR:jar:file:/Users/sameer.shaik/.m2/repository/org/eclipse/jetty/jetty-webapp/9.4.48.v20220622/jetty-webapp-9.4.48.v20220622.jar!/org/eclipse/jetty/webapp/webdefault.xml,STOPPED},AUTO}
18:13:49.469 [Executing testDoRefreshCredentialSupplier(org.conjur.jenkins.configuration.ConjurConfigurationTest)] DEBUG org.eclipse.jetty.util.component.ContainerLifeCycle -- ServletHandler@60d90f09{STOPPED} added {[/]=>default,POJO}
18:13:49.469 [Executing testDoRefreshCredentialSupplier(org.conjur.jenkins.configuration.ConjurConfigurationTest)] DEBUG org.eclipse.jetty.util.component.ContainerLifeCycle -- ServletHandler@60d90f09{STOPPED} added {[*.jsp, *.jspf, *.jspx, *.xsp, *.JSP, *.JSPF, *.JSPX, *.XSP]=>jsp,POJO}
18:13:49.470 [Executing testDoRefreshCredentialSupplier(org.conjur.jenkins.configuration.ConjurConfigurationTest)] DEBUG org.eclipse.jetty.webapp.StandardDescriptorProcessor -- Added mapping [/*]=>Stapler 
18:13:49.471 [Executing testDoRefreshCredentialSupplier(org.conjur.jenkins.configuration.ConjurConfigurationTest)] DEBUG org.eclipse.jetty.util.component.ContainerLifeCycle -- ServletHandler@60d90f09{STOPPED} added {jenkins.util.SystemProperties$Listener@2722a9ca{src=DESCRIPTOR:file:///Users/sameer.shaik/MyWorkSpace/17OctV2.2.3-New-BitBucketIssueFixed/conjur-credentials-plugin/target/jenkins-for-test/WEB-INF/web.xml},AUTO}
18:13:49.471 [Executing testDoRefreshCredentialSupplier(org.conjur.jenkins.configuration.ConjurConfigurationTest)] DEBUG org.eclipse.jetty.util.component.ContainerLifeCycle -- ServletHandler@60d90f09{STOPPED} added {hudson.WebAppMain@7f7b5a2e{src=DESCRIPTOR:file:///Users/sameer.shaik/MyWorkSpace/17OctV2.2.3-New-BitBucketIssueFixed/conjur-credentials-plugin/target/jenkins-for-test/WEB-INF/web.xml},AUTO}
18:13:49.471 [Executing testDoRefreshCredentialSupplier(org.conjur.jenkins.configuration.ConjurConfigurationTest)] DEBUG org.eclipse.jetty.util.component.ContainerLifeCycle -- ServletHandler@60d90f09{STOPPED} added {jenkins.JenkinsHttpSessionListener@5f61e582{src=DESCRIPTOR:file:///Users/sameer.shaik/MyWorkSpace/17OctV2.2.3-New-BitBucketIssueFixed/conjur-credentials-plugin/target/jenkins-for-test/WEB-INF/web.xml},AUTO}
18:13:49.471 [Executing testDoRefreshCredentialSupplier(org.conjur.jenkins.configuration.ConjurConfigurationTest)] DEBUG org.eclipse.jetty.util.component.ContainerLifeCycle -- ServletHandler@60d90f09{STOPPED} added {suspicious-request-filter==jenkins.security.SuspiciousRequestFilter@5ec73fb7{inst=false,async=true,src=DESCRIPTOR:file:///Users/sameer.shaik/MyWorkSpace/17OctV2.2.3-New-BitBucketIssueFixed/conjur-credentials-plugin/target/jenkins-for-test/WEB-INF/web.xml},AUTO}
18:13:49.471 [Executing testDoRefreshCredentialSupplier(org.conjur.jenkins.configuration.ConjurConfigurationTest)] DEBUG org.eclipse.jetty.util.component.ContainerLifeCycle -- ServletHandler@60d90f09{STOPPED} added {diagnostic-name-filter==org.kohsuke.stapler.DiagnosticThreadNameFilter@6c19b15c{inst=false,async=true,src=DESCRIPTOR:file:///Users/sameer.shaik/MyWorkSpace/17OctV2.2.3-New-BitBucketIssueFixed/conjur-credentials-plugin/target/jenkins-for-test/WEB-INF/web.xml},AUTO}
18:13:49.471 [Executing testDoRefreshCredentialSupplier(org.conjur.jenkins.configuration.ConjurConfigurationTest)] DEBUG org.eclipse.jetty.util.component.ContainerLifeCycle -- ServletHandler@60d90f09{STOPPED} added {encoding-filter==hudson.util.CharacterEncodingFilter@49963cdb{inst=false,async=true,src=DESCRIPTOR:file:///Users/sameer.shaik/MyWorkSpace/17OctV2.2.3-New-BitBucketIssueFixed/conjur-credentials-plugin/target/jenkins-for-test/WEB-INF/web.xml},AUTO}
18:13:49.472 [Executing testDoRefreshCredentialSupplier(org.conjur.jenkins.configuration.ConjurConfigurationTest)] DEBUG org.eclipse.jetty.util.component.ContainerLifeCycle -- ServletHandler@60d90f09{STOPPED} added {compression-filter==org.kohsuke.stapler.compression.CompressionFilter@190b8d9e{inst=false,async=true,src=DESCRIPTOR:file:///Users/sameer.shaik/MyWorkSpace/17OctV2.2.3-New-BitBucketIssueFixed/conjur-credentials-plugin/target/jenkins-for-test/WEB-INF/web.xml},AUTO}
18:13:49.472 [Executing testDoRefreshCredentialSupplier(org.conjur.jenkins.configuration.ConjurConfigurationTest)] DEBUG org.eclipse.jetty.util.component.ContainerLifeCycle -- ServletHandler@60d90f09{STOPPED} added {authentication-filter==hudson.security.HudsonFilter@7ed6238f{inst=false,async=true,src=DESCRIPTOR:file:///Users/sameer.shaik/MyWorkSpace/17OctV2.2.3-New-BitBucketIssueFixed/conjur-credentials-plugin/target/jenkins-for-test/WEB-INF/web.xml},AUTO}
18:13:49.472 [Executing testDoRefreshCredentialSupplier(org.conjur.jenkins.configuration.ConjurConfigurationTest)] DEBUG org.eclipse.jetty.util.component.ContainerLifeCycle -- ServletHandler@60d90f09{STOPPED} added {csrf-filter==hudson.security.csrf.CrumbFilter@5fe4ee58{inst=false,async=true,src=DESCRIPTOR:file:///Users/sameer.shaik/MyWorkSpace/17OctV2.2.3-New-BitBucketIssueFixed/conjur-credentials-plugin/target/jenkins-for-test/WEB-INF/web.xml},AUTO}
18:13:49.472 [Executing testDoRefreshCredentialSupplier(org.conjur.jenkins.configuration.ConjurConfigurationTest)] DEBUG org.eclipse.jetty.util.component.ContainerLifeCycle -- ServletHandler@60d90f09{STOPPED} added {plugins-filter==hudson.util.PluginServletFilter@276c619b{inst=false,async=true,src=DESCRIPTOR:file:///Users/sameer.shaik/MyWorkSpace/17OctV2.2.3-New-BitBucketIssueFixed/conjur-credentials-plugin/target/jenkins-for-test/WEB-INF/web.xml},AUTO}
18:13:49.472 [Executing testDoRefreshCredentialSupplier(org.conjur.jenkins.configuration.ConjurConfigurationTest)] DEBUG org.eclipse.jetty.util.component.ContainerLifeCycle -- ServletHandler@60d90f09{STOPPED} added {Stapler==org.kohsuke.stapler.Stapler@f222d1a9{jsp=null,order=-1,inst=false,async=true,src=DESCRIPTOR:file:///Users/sameer.shaik/MyWorkSpace/17OctV2.2.3-New-BitBucketIssueFixed/conjur-credentials-plugin/target/jenkins-for-test/WEB-INF/web.xml,STOPPED},AUTO}
18:13:49.476 [Executing testDoRefreshCredentialSupplier(org.conjur.jenkins.configuration.ConjurConfigurationTest)] DEBUG org.eclipse.jetty.util.component.ContainerLifeCycle -- ServletHandler@60d90f09{STOPPED} added {[/*]/[]/[REQUEST]=>suspicious-request-filter,POJO}
18:13:49.476 [Executing testDoRefreshCredentialSupplier(org.conjur.jenkins.configuration.ConjurConfigurationTest)] DEBUG org.eclipse.jetty.util.component.ContainerLifeCycle -- ServletHandler@60d90f09{STOPPED} added {[/*]/[]/[REQUEST]=>diagnostic-name-filter,POJO}
18:13:49.476 [Executing testDoRefreshCredentialSupplier(org.conjur.jenkins.configuration.ConjurConfigurationTest)] DEBUG org.eclipse.jetty.util.component.ContainerLifeCycle -- ServletHandler@60d90f09{STOPPED} added {[/*]/[]/[REQUEST]=>encoding-filter,POJO}
18:13:49.476 [Executing testDoRefreshCredentialSupplier(org.conjur.jenkins.configuration.ConjurConfigurationTest)] DEBUG org.eclipse.jetty.util.component.ContainerLifeCycle -- ServletHandler@60d90f09{STOPPED} added {[/*]/[]/[REQUEST]=>compression-filter,POJO}
18:13:49.476 [Executing testDoRefreshCredentialSupplier(org.conjur.jenkins.configuration.ConjurConfigurationTest)] DEBUG org.eclipse.jetty.util.component.ContainerLifeCycle -- ServletHandler@60d90f09{STOPPED} added {[/*]/[]/[REQUEST]=>authentication-filter,POJO}
18:13:49.476 [Executing testDoRefreshCredentialSupplier(org.conjur.jenkins.configuration.ConjurConfigurationTest)] DEBUG org.eclipse.jetty.util.component.ContainerLifeCycle -- ServletHandler@60d90f09{STOPPED} added {[/*]/[]/[REQUEST]=>csrf-filter,POJO}
18:13:49.476 [Executing testDoRefreshCredentialSupplier(org.conjur.jenkins.configuration.ConjurConfigurationTest)] DEBUG org.eclipse.jetty.util.component.ContainerLifeCycle -- ServletHandler@60d90f09{STOPPED} added {[/*]/[]/[REQUEST]=>plugins-filter,POJO}
18:13:49.476 [Executing testDoRefreshCredentialSupplier(org.conjur.jenkins.configuration.ConjurConfigurationTest)] DEBUG org.eclipse.jetty.util.component.ContainerLifeCycle -- ServletHandler@60d90f09{STOPPED} added {[/*]=>Stapler,POJO}
18:13:49.477 [Executing testDoRefreshCredentialSupplier(org.conjur.jenkins.configuration.ConjurConfigurationTest)] DEBUG org.eclipse.jetty.util.component.AbstractLifeCycle -- starting org.eclipse.jetty.servlet.listener.ELContextCleaner@402a6d75{src=DESCRIPTOR:jar:file:/Users/sameer.shaik/.m2/repository/org/eclipse/jetty/jetty-webapp/9.4.48.v20220622/jetty-webapp-9.4.48.v20220622.jar!/org/eclipse/jetty/webapp/webdefault.xml}
18:13:49.477 [Executing testDoRefreshCredentialSupplier(org.conjur.jenkins.configuration.ConjurConfigurationTest)] DEBUG org.eclipse.jetty.servlet.BaseHolder -- Holding class org.eclipse.jetty.servlet.listener.ELContextCleaner from jdk.internal.loader.ClassLoaders$AppClassLoader@5ffd2b27
18:13:49.478 [Executing testDoRefreshCredentialSupplier(org.conjur.jenkins.configuration.ConjurConfigurationTest)] DEBUG org.eclipse.jetty.util.component.AbstractLifeCycle -- STARTED @2513ms org.eclipse.jetty.servlet.listener.ELContextCleaner@402a6d75{src=DESCRIPTOR:jar:file:/Users/sameer.shaik/.m2/repository/org/eclipse/jetty/jetty-webapp/9.4.48.v20220622/jetty-webapp-9.4.48.v20220622.jar!/org/eclipse/jetty/webapp/webdefault.xml}
18:13:49.478 [Executing testDoRefreshCredentialSupplier(org.conjur.jenkins.configuration.ConjurConfigurationTest)] DEBUG org.eclipse.jetty.util.component.AbstractLifeCycle -- starting org.eclipse.jetty.servlet.listener.IntrospectorCleaner@46ace61e{src=DESCRIPTOR:jar:file:/Users/sameer.shaik/.m2/repository/org/eclipse/jetty/jetty-webapp/9.4.48.v20220622/jetty-webapp-9.4.48.v20220622.jar!/org/eclipse/jetty/webapp/webdefault.xml}
18:13:49.479 [Executing testDoRefreshCredentialSupplier(org.conjur.jenkins.configuration.ConjurConfigurationTest)] DEBUG org.eclipse.jetty.servlet.BaseHolder -- Holding class org.eclipse.jetty.servlet.listener.IntrospectorCleaner from jdk.internal.loader.ClassLoaders$AppClassLoader@5ffd2b27
18:13:49.479 [Executing testDoRefreshCredentialSupplier(org.conjur.jenkins.configuration.ConjurConfigurationTest)] DEBUG org.eclipse.jetty.util.component.AbstractLifeCycle -- STARTED @2514ms org.eclipse.jetty.servlet.listener.IntrospectorCleaner@46ace61e{src=DESCRIPTOR:jar:file:/Users/sameer.shaik/.m2/repository/org/eclipse/jetty/jetty-webapp/9.4.48.v20220622/jetty-webapp-9.4.48.v20220622.jar!/org/eclipse/jetty/webapp/webdefault.xml}
18:13:49.479 [Executing testDoRefreshCredentialSupplier(org.conjur.jenkins.configuration.ConjurConfigurationTest)] DEBUG org.eclipse.jetty.util.component.AbstractLifeCycle -- starting jenkins.util.SystemProperties$Listener@2722a9ca{src=DESCRIPTOR:file:///Users/sameer.shaik/MyWorkSpace/17OctV2.2.3-New-BitBucketIssueFixed/conjur-credentials-plugin/target/jenkins-for-test/WEB-INF/web.xml}
18:13:49.479 [Executing testDoRefreshCredentialSupplier(org.conjur.jenkins.configuration.ConjurConfigurationTest)] DEBUG org.eclipse.jetty.servlet.BaseHolder -- Holding class jenkins.util.SystemProperties$Listener from jdk.internal.loader.ClassLoaders$AppClassLoader@5ffd2b27
18:13:49.479 [Executing testDoRefreshCredentialSupplier(org.conjur.jenkins.configuration.ConjurConfigurationTest)] DEBUG org.eclipse.jetty.util.component.AbstractLifeCycle -- STARTED @2514ms jenkins.util.SystemProperties$Listener@2722a9ca{src=DESCRIPTOR:file:///Users/sameer.shaik/MyWorkSpace/17OctV2.2.3-New-BitBucketIssueFixed/conjur-credentials-plugin/target/jenkins-for-test/WEB-INF/web.xml}
18:13:49.480 [Executing testDoRefreshCredentialSupplier(org.conjur.jenkins.configuration.ConjurConfigurationTest)] DEBUG org.eclipse.jetty.util.component.AbstractLifeCycle -- starting hudson.WebAppMain@7f7b5a2e{src=DESCRIPTOR:file:///Users/sameer.shaik/MyWorkSpace/17OctV2.2.3-New-BitBucketIssueFixed/conjur-credentials-plugin/target/jenkins-for-test/WEB-INF/web.xml}
18:13:49.480 [Executing testDoRefreshCredentialSupplier(org.conjur.jenkins.configuration.ConjurConfigurationTest)] DEBUG org.eclipse.jetty.servlet.BaseHolder -- Holding class hudson.WebAppMain from jdk.internal.loader.ClassLoaders$AppClassLoader@5ffd2b27
18:13:49.483 [Executing testDoRefreshCredentialSupplier(org.conjur.jenkins.configuration.ConjurConfigurationTest)] DEBUG org.eclipse.jetty.util.component.AbstractLifeCycle -- STARTED @2518ms hudson.WebAppMain@7f7b5a2e{src=DESCRIPTOR:file:///Users/sameer.shaik/MyWorkSpace/17OctV2.2.3-New-BitBucketIssueFixed/conjur-credentials-plugin/target/jenkins-for-test/WEB-INF/web.xml}
18:13:49.484 [Executing testDoRefreshCredentialSupplier(org.conjur.jenkins.configuration.ConjurConfigurationTest)] DEBUG org.eclipse.jetty.util.component.AbstractLifeCycle -- starting jenkins.JenkinsHttpSessionListener@5f61e582{src=DESCRIPTOR:file:///Users/sameer.shaik/MyWorkSpace/17OctV2.2.3-New-BitBucketIssueFixed/conjur-credentials-plugin/target/jenkins-for-test/WEB-INF/web.xml}
18:13:49.484 [Executing testDoRefreshCredentialSupplier(org.conjur.jenkins.configuration.ConjurConfigurationTest)] DEBUG org.eclipse.jetty.servlet.BaseHolder -- Holding class jenkins.JenkinsHttpSessionListener from jdk.internal.loader.ClassLoaders$AppClassLoader@5ffd2b27
18:13:49.484 [Executing testDoRefreshCredentialSupplier(org.conjur.jenkins.configuration.ConjurConfigurationTest)] DEBUG org.eclipse.jetty.util.component.ContainerLifeCycle -- org.eclipse.jetty.server.session.SessionHandler1929098746==dftMaxIdleSec=1800 added {jenkins.JenkinsHttpSessionListener@7b610ce8,UNMANAGED}
18:13:49.484 [Executing testDoRefreshCredentialSupplier(org.conjur.jenkins.configuration.ConjurConfigurationTest)] DEBUG org.eclipse.jetty.util.component.AbstractLifeCycle -- STARTED @2519ms jenkins.JenkinsHttpSessionListener@5f61e582{src=DESCRIPTOR:file:///Users/sameer.shaik/MyWorkSpace/17OctV2.2.3-New-BitBucketIssueFixed/conjur-credentials-plugin/target/jenkins-for-test/WEB-INF/web.xml}
18:13:49.484 [Executing testDoRefreshCredentialSupplier(org.conjur.jenkins.configuration.ConjurConfigurationTest)] DEBUG org.eclipse.jetty.server.handler.AbstractHandler -- starting o.e.j.w.WebAppContext@1fe2a40d{Jenkins v2.346.3,/jenkins,file:///Users/sameer.shaik/MyWorkSpace/17OctV2.2.3-New-BitBucketIssueFixed/conjur-credentials-plugin/target/jenkins-for-test/,STARTING}{/Users/sameer.shaik/MyWorkSpace/17OctV2.2.3-New-BitBucketIssueFixed/conjur-credentials-plugin/target/jenkins-for-test}
18:13:49.484 [Executing testDoRefreshCredentialSupplier(org.conjur.jenkins.configuration.ConjurConfigurationTest)] DEBUG org.eclipse.jetty.util.component.AbstractLifeCycle -- starting SymlinkAllowedResourceAliasChecker@5589cab7{base=null,protected=[/WEB-INF, /META-INF]}
18:13:49.484 [Executing testDoRefreshCredentialSupplier(org.conjur.jenkins.configuration.ConjurConfigurationTest)] DEBUG org.eclipse.jetty.util.component.AbstractLifeCycle -- STARTED @2519ms SymlinkAllowedResourceAliasChecker@5589cab7{base=null,protected=[/WEB-INF, /META-INF]}
18:13:49.485 [Executing testDoRefreshCredentialSupplier(org.conjur.jenkins.configuration.ConjurConfigurationTest)] DEBUG org.eclipse.jetty.util.component.AbstractLifeCycle -- starting org.eclipse.jetty.server.session.SessionHandler1929098746==dftMaxIdleSec=1800
18:13:49.486 [Executing testDoRefreshCredentialSupplier(org.conjur.jenkins.configuration.ConjurConfigurationTest)] DEBUG org.eclipse.jetty.util.component.ContainerLifeCycle -- org.eclipse.jetty.server.session.SessionHandler1929098746==dftMaxIdleSec=1800 added {org.eclipse.jetty.server.session.DefaultSessionCache@561b619d[evict=-1,removeUnloadable=false,saveOnCreate=false,saveOnInactiveEvict=false],AUTO}
18:13:49.487 [Executing testDoRefreshCredentialSupplier(org.conjur.jenkins.configuration.ConjurConfigurationTest)] DEBUG org.eclipse.jetty.util.component.ContainerLifeCycle -- org.eclipse.jetty.server.session.DefaultSessionCache@561b619d[evict=-1,removeUnloadable=false,saveOnCreate=false,saveOnInactiveEvict=false] added {org.eclipse.jetty.server.session.NullSessionDataStore@19b2816f[passivating=false,graceSec=3600],AUTO}
18:13:49.488 [Executing testDoRefreshCredentialSupplier(org.conjur.jenkins.configuration.ConjurConfigurationTest)] DEBUG org.eclipse.jetty.util.component.AbstractLifeCycle -- starting DefaultSessionIdManager@1594b786{STOPPED}[worker=null]
18:13:49.488 [Executing testDoRefreshCredentialSupplier(org.conjur.jenkins.configuration.ConjurConfigurationTest)] INFO org.eclipse.jetty.server.session -- DefaultSessionIdManager workerName=node0
18:13:49.489 [Executing testDoRefreshCredentialSupplier(org.conjur.jenkins.configuration.ConjurConfigurationTest)] INFO org.eclipse.jetty.server.session -- No SessionScavenger set, using defaults
18:13:49.489 [Executing testDoRefreshCredentialSupplier(org.conjur.jenkins.configuration.ConjurConfigurationTest)] DEBUG org.eclipse.jetty.util.component.ContainerLifeCycle -- DefaultSessionIdManager@1594b786{STARTING}[worker=node0] added {HouseKeeper@77b68e01{STOPPED}[interval=600000, ownscheduler=false],MANAGED}
18:13:49.490 [Executing testDoRefreshCredentialSupplier(org.conjur.jenkins.configuration.ConjurConfigurationTest)] DEBUG org.eclipse.jetty.util.component.AbstractLifeCycle -- starting HouseKeeper@77b68e01{STOPPED}[interval=600000, ownscheduler=false]
18:13:49.490 [Executing testDoRefreshCredentialSupplier(org.conjur.jenkins.configuration.ConjurConfigurationTest)] DEBUG org.eclipse.jetty.util.component.AbstractLifeCycle -- starting ScheduledExecutorScheduler@25c4ebb{STOPPED}
18:13:49.490 [Executing testDoRefreshCredentialSupplier(org.conjur.jenkins.configuration.ConjurConfigurationTest)] DEBUG org.eclipse.jetty.util.component.AbstractLifeCycle -- STARTED @2525ms ScheduledExecutorScheduler@25c4ebb{STARTED}
18:13:49.490 [Executing testDoRefreshCredentialSupplier(org.conjur.jenkins.configuration.ConjurConfigurationTest)] DEBUG org.eclipse.jetty.server.session -- Using own scheduler for scavenging
18:13:49.490 [Executing testDoRefreshCredentialSupplier(org.conjur.jenkins.configuration.ConjurConfigurationTest)] INFO org.eclipse.jetty.server.session -- node0 Scavenging every 660000ms
18:13:49.491 [Executing testDoRefreshCredentialSupplier(org.conjur.jenkins.configuration.ConjurConfigurationTest)] DEBUG org.eclipse.jetty.util.component.AbstractLifeCycle -- STARTED @2526ms HouseKeeper@77b68e01{STARTED}[interval=660000, ownscheduler=true]
18:13:49.491 [Executing testDoRefreshCredentialSupplier(org.conjur.jenkins.configuration.ConjurConfigurationTest)] DEBUG org.eclipse.jetty.util.component.AbstractLifeCycle -- STARTED @2526ms DefaultSessionIdManager@1594b786{STARTED}[worker=node0]
18:13:49.491 [Executing testDoRefreshCredentialSupplier(org.conjur.jenkins.configuration.ConjurConfigurationTest)] DEBUG org.eclipse.jetty.util.component.ContainerLifeCycle -- Server@2a062be8{STARTING}[9.4.48.v20220622] added {DefaultSessionIdManager@1594b786{STARTED}[worker=node0],MANAGED}
18:13:49.491 [Executing testDoRefreshCredentialSupplier(org.conjur.jenkins.configuration.ConjurConfigurationTest)] DEBUG org.eclipse.jetty.util.component.ContainerLifeCycle -- org.eclipse.jetty.server.session.SessionHandler1929098746==dftMaxIdleSec=1800 added {DefaultSessionIdManager@1594b786{STARTED}[worker=node0],UNMANAGED}
18:13:49.491 [Executing testDoRefreshCredentialSupplier(org.conjur.jenkins.configuration.ConjurConfigurationTest)] DEBUG org.eclipse.jetty.util.component.AbstractLifeCycle -- starting ScheduledExecutorScheduler@2ffccdc1{STOPPED}
18:13:49.491 [Executing testDoRefreshCredentialSupplier(org.conjur.jenkins.configuration.ConjurConfigurationTest)] DEBUG org.eclipse.jetty.util.component.AbstractLifeCycle -- STARTED @2526ms ScheduledExecutorScheduler@2ffccdc1{STARTED}
18:13:49.492 [Executing testDoRefreshCredentialSupplier(org.conjur.jenkins.configuration.ConjurConfigurationTest)] DEBUG org.eclipse.jetty.server.handler.AbstractHandler -- starting org.eclipse.jetty.server.session.SessionHandler1929098746==dftMaxIdleSec=1800
18:13:49.492 [Executing testDoRefreshCredentialSupplier(org.conjur.jenkins.configuration.ConjurConfigurationTest)] DEBUG org.eclipse.jetty.util.component.AbstractLifeCycle -- starting ConstraintSecurityHandler@6252ac9d{STOPPED}
18:13:49.493 [Executing testDoRefreshCredentialSupplier(org.conjur.jenkins.configuration.ConjurConfigurationTest)] DEBUG org.eclipse.jetty.util.component.ContainerLifeCycle -- ConstraintSecurityHandler@6252ac9d{STARTING} added {org.eclipse.jetty.security.DefaultIdentityService@428d2f91,POJO}
18:13:49.495 [Executing testDoRefreshCredentialSupplier(org.conjur.jenkins.configuration.ConjurConfigurationTest)] DEBUG org.eclipse.jetty.security.SecurityHandler -- Created authenticator org.eclipse.jetty.security.authentication.FormAuthenticator@664bea12 with org.eclipse.jetty.security.DefaultAuthenticatorFactory@3644e6c7
18:13:49.495 [Executing testDoRefreshCredentialSupplier(org.conjur.jenkins.configuration.ConjurConfigurationTest)] DEBUG org.eclipse.jetty.util.component.ContainerLifeCycle -- ConstraintSecurityHandler@6252ac9d{STARTING} added {org.eclipse.jetty.security.authentication.FormAuthenticator@664bea12,POJO}
18:13:49.495 [Executing testDoRefreshCredentialSupplier(org.conjur.jenkins.configuration.ConjurConfigurationTest)] DEBUG org.eclipse.jetty.server.handler.AbstractHandler -- starting ConstraintSecurityHandler@6252ac9d{STARTING}
18:13:49.495 [Executing testDoRefreshCredentialSupplier(org.conjur.jenkins.configuration.ConjurConfigurationTest)] DEBUG org.eclipse.jetty.util.component.AbstractLifeCycle -- starting ServletHandler@60d90f09{STOPPED}
18:13:49.498 [Executing testDoRefreshCredentialSupplier(org.conjur.jenkins.configuration.ConjurConfigurationTest)] DEBUG org.eclipse.jetty.servlet.ServletHandler -- Path=*.jspx[DESCRIPTOR:jar:file:/Users/sameer.shaik/.m2/repository/org/eclipse/jetty/jetty-webapp/9.4.48.v20220622/jetty-webapp-9.4.48.v20220622.jar!/org/eclipse/jetty/webapp/webdefault.xml] mapped to servlet=jsp[DESCRIPTOR:jar:file:/Users/sameer.shaik/.m2/repository/org/eclipse/jetty/jetty-webapp/9.4.48.v20220622/jetty-webapp-9.4.48.v20220622.jar!/org/eclipse/jetty/webapp/webdefault.xml]
18:13:49.498 [Executing testDoRefreshCredentialSupplier(org.conjur.jenkins.configuration.ConjurConfigurationTest)] DEBUG org.eclipse.jetty.http.pathmap.ServletPathSpec -- Creating ServletPathSpec[*.jspx] (group: SUFFIX_GLOB, prefix: "null", suffix: "jspx")
18:13:49.498 [Executing testDoRefreshCredentialSupplier(org.conjur.jenkins.configuration.ConjurConfigurationTest)] DEBUG org.eclipse.jetty.http.pathmap.PathMappings -- Added MappedResource[pathSpec=ServletPathSpec@96a7cfb7{*.jspx},resource=jsp==org.eclipse.jetty.servlet.NoJspServlet@19c47{jsp=null,order=0,inst=false,async=false,src=DESCRIPTOR:jar:file:/Users/sameer.shaik/.m2/repository/org/eclipse/jetty/jetty-webapp/9.4.48.v20220622/jetty-webapp-9.4.48.v20220622.jar!/org/eclipse/jetty/webapp/webdefault.xml,STOPPED}] to PathMappings[size=1]
18:13:49.499 [Executing testDoRefreshCredentialSupplier(org.conjur.jenkins.configuration.ConjurConfigurationTest)] DEBUG org.eclipse.jetty.servlet.ServletHandler -- Path=*.JSPX[DESCRIPTOR:jar:file:/Users/sameer.shaik/.m2/repository/org/eclipse/jetty/jetty-webapp/9.4.48.v20220622/jetty-webapp-9.4.48.v20220622.jar!/org/eclipse/jetty/webapp/webdefault.xml] mapped to servlet=jsp[DESCRIPTOR:jar:file:/Users/sameer.shaik/.m2/repository/org/eclipse/jetty/jetty-webapp/9.4.48.v20220622/jetty-webapp-9.4.48.v20220622.jar!/org/eclipse/jetty/webapp/webdefault.xml]
18:13:49.499 [Executing testDoRefreshCredentialSupplier(org.conjur.jenkins.configuration.ConjurConfigurationTest)] DEBUG org.eclipse.jetty.http.pathmap.ServletPathSpec -- Creating ServletPathSpec[*.JSPX] (group: SUFFIX_GLOB, prefix: "null", suffix: "JSPX")
18:13:49.499 [Executing testDoRefreshCredentialSupplier(org.conjur.jenkins.configuration.ConjurConfigurationTest)] DEBUG org.eclipse.jetty.http.pathmap.PathMappings -- Added MappedResource[pathSpec=ServletPathSpec@94d5d7b7{*.JSPX},resource=jsp==org.eclipse.jetty.servlet.NoJspServlet@19c47{jsp=null,order=0,inst=false,async=false,src=DESCRIPTOR:jar:file:/Users/sameer.shaik/.m2/repository/org/eclipse/jetty/jetty-webapp/9.4.48.v20220622/jetty-webapp-9.4.48.v20220622.jar!/org/eclipse/jetty/webapp/webdefault.xml,STOPPED}] to PathMappings[size=2]
18:13:49.499 [Executing testDoRefreshCredentialSupplier(org.conjur.jenkins.configuration.ConjurConfigurationTest)] DEBUG org.eclipse.jetty.servlet.ServletHandler -- Path=*.JSPF[DESCRIPTOR:jar:file:/Users/sameer.shaik/.m2/repository/org/eclipse/jetty/jetty-webapp/9.4.48.v20220622/jetty-webapp-9.4.48.v20220622.jar!/org/eclipse/jetty/webapp/webdefault.xml] mapped to servlet=jsp[DESCRIPTOR:jar:file:/Users/sameer.shaik/.m2/repository/org/eclipse/jetty/jetty-webapp/9.4.48.v20220622/jetty-webapp-9.4.48.v20220622.jar!/org/eclipse/jetty/webapp/webdefault.xml]
18:13:49.499 [Executing testDoRefreshCredentialSupplier(org.conjur.jenkins.configuration.ConjurConfigurationTest)] DEBUG org.eclipse.jetty.http.pathmap.ServletPathSpec -- Creating ServletPathSpec[*.JSPF] (group: SUFFIX_GLOB, prefix: "null", suffix: "JSPF")
18:13:49.499 [Executing testDoRefreshCredentialSupplier(org.conjur.jenkins.configuration.ConjurConfigurationTest)] DEBUG org.eclipse.jetty.http.pathmap.PathMappings -- Added MappedResource[pathSpec=ServletPathSpec@94d5d589{*.JSPF},resource=jsp==org.eclipse.jetty.servlet.NoJspServlet@19c47{jsp=null,order=0,inst=false,async=false,src=DESCRIPTOR:jar:file:/Users/sameer.shaik/.m2/repository/org/eclipse/jetty/jetty-webapp/9.4.48.v20220622/jetty-webapp-9.4.48.v20220622.jar!/org/eclipse/jetty/webapp/webdefault.xml,STOPPED}] to PathMappings[size=3]
18:13:49.499 [Executing testDoRefreshCredentialSupplier(org.conjur.jenkins.configuration.ConjurConfigurationTest)] DEBUG org.eclipse.jetty.servlet.ServletHandler -- Path=*.jsp[DESCRIPTOR:jar:file:/Users/sameer.shaik/.m2/repository/org/eclipse/jetty/jetty-webapp/9.4.48.v20220622/jetty-webapp-9.4.48.v20220622.jar!/org/eclipse/jetty/webapp/webdefault.xml] mapped to servlet=jsp[DESCRIPTOR:jar:file:/Users/sameer.shaik/.m2/repository/org/eclipse/jetty/jetty-webapp/9.4.48.v20220622/jetty-webapp-9.4.48.v20220622.jar!/org/eclipse/jetty/webapp/webdefault.xml]
18:13:49.499 [Executing testDoRefreshCredentialSupplier(org.conjur.jenkins.configuration.ConjurConfigurationTest)] DEBUG org.eclipse.jetty.http.pathmap.ServletPathSpec -- Creating ServletPathSpec[*.jsp] (group: SUFFIX_GLOB, prefix: "null", suffix: "jsp")
18:13:49.499 [Executing testDoRefreshCredentialSupplier(org.conjur.jenkins.configuration.ConjurConfigurationTest)] DEBUG org.eclipse.jetty.http.pathmap.PathMappings -- Added MappedResource[pathSpec=ServletPathSpec@debd2188{*.jsp},resource=jsp==org.eclipse.jetty.servlet.NoJspServlet@19c47{jsp=null,order=0,inst=false,async=false,src=DESCRIPTOR:jar:file:/Users/sameer.shaik/.m2/repository/org/eclipse/jetty/jetty-webapp/9.4.48.v20220622/jetty-webapp-9.4.48.v20220622.jar!/org/eclipse/jetty/webapp/webdefault.xml,STOPPED}] to PathMappings[size=4]
18:13:49.499 [Executing testDoRefreshCredentialSupplier(org.conjur.jenkins.configuration.ConjurConfigurationTest)] DEBUG org.eclipse.jetty.servlet.ServletHandler -- Path=*.JSP[DESCRIPTOR:jar:file:/Users/sameer.shaik/.m2/repository/org/eclipse/jetty/jetty-webapp/9.4.48.v20220622/jetty-webapp-9.4.48.v20220622.jar!/org/eclipse/jetty/webapp/webdefault.xml] mapped to servlet=jsp[DESCRIPTOR:jar:file:/Users/sameer.shaik/.m2/repository/org/eclipse/jetty/jetty-webapp/9.4.48.v20220622/jetty-webapp-9.4.48.v20220622.jar!/org/eclipse/jetty/webapp/webdefault.xml]
18:13:49.500 [Executing testDoRefreshCredentialSupplier(org.conjur.jenkins.configuration.ConjurConfigurationTest)] DEBUG org.eclipse.jetty.http.pathmap.ServletPathSpec -- Creating ServletPathSpec[*.JSP] (group: SUFFIX_GLOB, prefix: "null", suffix: "JSP")
18:13:49.500 [Executing testDoRefreshCredentialSupplier(org.conjur.jenkins.configuration.ConjurConfigurationTest)] DEBUG org.eclipse.jetty.http.pathmap.PathMappings -- Added MappedResource[pathSpec=ServletPathSpec@deae19a8{*.JSP},resource=jsp==org.eclipse.jetty.servlet.NoJspServlet@19c47{jsp=null,order=0,inst=false,async=false,src=DESCRIPTOR:jar:file:/Users/sameer.shaik/.m2/repository/org/eclipse/jetty/jetty-webapp/9.4.48.v20220622/jetty-webapp-9.4.48.v20220622.jar!/org/eclipse/jetty/webapp/webdefault.xml,STOPPED}] to PathMappings[size=5]
18:13:49.500 [Executing testDoRefreshCredentialSupplier(org.conjur.jenkins.configuration.ConjurConfigurationTest)] DEBUG org.eclipse.jetty.servlet.ServletHandler -- Path=*.jspf[DESCRIPTOR:jar:file:/Users/sameer.shaik/.m2/repository/org/eclipse/jetty/jetty-webapp/9.4.48.v20220622/jetty-webapp-9.4.48.v20220622.jar!/org/eclipse/jetty/webapp/webdefault.xml] mapped to servlet=jsp[DESCRIPTOR:jar:file:/Users/sameer.shaik/.m2/repository/org/eclipse/jetty/jetty-webapp/9.4.48.v20220622/jetty-webapp-9.4.48.v20220622.jar!/org/eclipse/jetty/webapp/webdefault.xml]
18:13:49.500 [Executing testDoRefreshCredentialSupplier(org.conjur.jenkins.configuration.ConjurConfigurationTest)] DEBUG org.eclipse.jetty.http.pathmap.ServletPathSpec -- Creating ServletPathSpec[*.jspf] (group: SUFFIX_GLOB, prefix: "null", suffix: "jspf")
18:13:49.500 [Executing testDoRefreshCredentialSupplier(org.conjur.jenkins.configuration.ConjurConfigurationTest)] DEBUG org.eclipse.jetty.http.pathmap.PathMappings -- Added MappedResource[pathSpec=ServletPathSpec@96a7cd89{*.jspf},resource=jsp==org.eclipse.jetty.servlet.NoJspServlet@19c47{jsp=null,order=0,inst=false,async=false,src=DESCRIPTOR:jar:file:/Users/sameer.shaik/.m2/repository/org/eclipse/jetty/jetty-webapp/9.4.48.v20220622/jetty-webapp-9.4.48.v20220622.jar!/org/eclipse/jetty/webapp/webdefault.xml,STOPPED}] to PathMappings[size=6]
18:13:49.500 [Executing testDoRefreshCredentialSupplier(org.conjur.jenkins.configuration.ConjurConfigurationTest)] DEBUG org.eclipse.jetty.servlet.ServletHandler -- Path=*.XSP[DESCRIPTOR:jar:file:/Users/sameer.shaik/.m2/repository/org/eclipse/jetty/jetty-webapp/9.4.48.v20220622/jetty-webapp-9.4.48.v20220622.jar!/org/eclipse/jetty/webapp/webdefault.xml] mapped to servlet=jsp[DESCRIPTOR:jar:file:/Users/sameer.shaik/.m2/repository/org/eclipse/jetty/jetty-webapp/9.4.48.v20220622/jetty-webapp-9.4.48.v20220622.jar!/org/eclipse/jetty/webapp/webdefault.xml]
18:13:49.500 [Executing testDoRefreshCredentialSupplier(org.conjur.jenkins.configuration.ConjurConfigurationTest)] DEBUG org.eclipse.jetty.http.pathmap.ServletPathSpec -- Creating ServletPathSpec[*.XSP] (group: SUFFIX_GLOB, prefix: "null", suffix: "XSP")
18:13:49.500 [Executing testDoRefreshCredentialSupplier(org.conjur.jenkins.configuration.ConjurConfigurationTest)] DEBUG org.eclipse.jetty.http.pathmap.PathMappings -- Added MappedResource[pathSpec=ServletPathSpec@deb476da{*.XSP},resource=jsp==org.eclipse.jetty.servlet.NoJspServlet@19c47{jsp=null,order=0,inst=false,async=false,src=DESCRIPTOR:jar:file:/Users/sameer.shaik/.m2/repository/org/eclipse/jetty/jetty-webapp/9.4.48.v20220622/jetty-webapp-9.4.48.v20220622.jar!/org/eclipse/jetty/webapp/webdefault.xml,STOPPED}] to PathMappings[size=7]
18:13:49.500 [Executing testDoRefreshCredentialSupplier(org.conjur.jenkins.configuration.ConjurConfigurationTest)] DEBUG org.eclipse.jetty.servlet.ServletHandler -- Path=*.xsp[DESCRIPTOR:jar:file:/Users/sameer.shaik/.m2/repository/org/eclipse/jetty/jetty-webapp/9.4.48.v20220622/jetty-webapp-9.4.48.v20220622.jar!/org/eclipse/jetty/webapp/webdefault.xml] mapped to servlet=jsp[DESCRIPTOR:jar:file:/Users/sameer.shaik/.m2/repository/org/eclipse/jetty/jetty-webapp/9.4.48.v20220622/jetty-webapp-9.4.48.v20220622.jar!/org/eclipse/jetty/webapp/webdefault.xml]
18:13:49.500 [Executing testDoRefreshCredentialSupplier(org.conjur.jenkins.configuration.ConjurConfigurationTest)] DEBUG org.eclipse.jetty.http.pathmap.ServletPathSpec -- Creating ServletPathSpec[*.xsp] (group: SUFFIX_GLOB, prefix: "null", suffix: "xsp")
18:13:49.501 [Executing testDoRefreshCredentialSupplier(org.conjur.jenkins.configuration.ConjurConfigurationTest)] DEBUG org.eclipse.jetty.http.pathmap.PathMappings -- Added MappedResource[pathSpec=ServletPathSpec@dec37eba{*.xsp},resource=jsp==org.eclipse.jetty.servlet.NoJspServlet@19c47{jsp=null,order=0,inst=false,async=false,src=DESCRIPTOR:jar:file:/Users/sameer.shaik/.m2/repository/org/eclipse/jetty/jetty-webapp/9.4.48.v20220622/jetty-webapp-9.4.48.v20220622.jar!/org/eclipse/jetty/webapp/webdefault.xml,STOPPED}] to PathMappings[size=8]
18:13:49.501 [Executing testDoRefreshCredentialSupplier(org.conjur.jenkins.configuration.ConjurConfigurationTest)] DEBUG org.eclipse.jetty.servlet.ServletHandler -- Path=/*[DESCRIPTOR:file:///Users/sameer.shaik/MyWorkSpace/17OctV2.2.3-New-BitBucketIssueFixed/conjur-credentials-plugin/target/jenkins-for-test/WEB-INF/web.xml] mapped to servlet=Stapler[DESCRIPTOR:file:///Users/sameer.shaik/MyWorkSpace/17OctV2.2.3-New-BitBucketIssueFixed/conjur-credentials-plugin/target/jenkins-for-test/WEB-INF/web.xml]
18:13:49.502 [Executing testDoRefreshCredentialSupplier(org.conjur.jenkins.configuration.ConjurConfigurationTest)] DEBUG org.eclipse.jetty.http.pathmap.ServletPathSpec -- Creating ServletPathSpec[/*] (group: PREFIX_GLOB, prefix: "", suffix: "null")
18:13:49.502 [Executing testDoRefreshCredentialSupplier(org.conjur.jenkins.configuration.ConjurConfigurationTest)] DEBUG org.eclipse.jetty.http.pathmap.PathMappings -- Added MappedResource[pathSpec=ServletPathSpec@9457a78e{/*},resource=Stapler==org.kohsuke.stapler.Stapler@f222d1a9{jsp=null,order=-1,inst=false,async=true,src=DESCRIPTOR:file:///Users/sameer.shaik/MyWorkSpace/17OctV2.2.3-New-BitBucketIssueFixed/conjur-credentials-plugin/target/jenkins-for-test/WEB-INF/web.xml,STOPPED}] to PathMappings[size=9]
18:13:49.502 [Executing testDoRefreshCredentialSupplier(org.conjur.jenkins.configuration.ConjurConfigurationTest)] DEBUG org.eclipse.jetty.servlet.ServletHandler -- Path=/[DESCRIPTOR:jar:file:/Users/sameer.shaik/.m2/repository/org/eclipse/jetty/jetty-webapp/9.4.48.v20220622/jetty-webapp-9.4.48.v20220622.jar!/org/eclipse/jetty/webapp/webdefault.xml] mapped to servlet=default[DESCRIPTOR:jar:file:/Users/sameer.shaik/.m2/repository/org/eclipse/jetty/jetty-webapp/9.4.48.v20220622/jetty-webapp-9.4.48.v20220622.jar!/org/eclipse/jetty/webapp/webdefault.xml]
18:13:49.502 [Executing testDoRefreshCredentialSupplier(org.conjur.jenkins.configuration.ConjurConfigurationTest)] DEBUG org.eclipse.jetty.http.pathmap.PathMappings -- Added MappedResource[pathSpec=ServletPathSpec@9457dcb7{/},resource=default==org.eclipse.jetty.servlet.DefaultServlet@5c13d641{jsp=null,order=0,inst=false,async=false,src=DESCRIPTOR:jar:file:/Users/sameer.shaik/.m2/repository/org/eclipse/jetty/jetty-webapp/9.4.48.v20220622/jetty-webapp-9.4.48.v20220622.jar!/org/eclipse/jetty/webapp/webdefault.xml,STOPPED}] to PathMappings[size=10]
18:13:49.502 [Executing testDoRefreshCredentialSupplier(org.conjur.jenkins.configuration.ConjurConfigurationTest)] DEBUG org.eclipse.jetty.servlet.ServletHandler -- filterNameMap={csrf-filter=csrf-filter==hudson.security.csrf.CrumbFilter@5fe4ee58{inst=false,async=true,src=DESCRIPTOR:file:///Users/sameer.shaik/MyWorkSpace/17OctV2.2.3-New-BitBucketIssueFixed/conjur-credentials-plugin/target/jenkins-for-test/WEB-INF/web.xml}, encoding-filter=encoding-filter==hudson.util.CharacterEncodingFilter@49963cdb{inst=false,async=true,src=DESCRIPTOR:file:///Users/sameer.shaik/MyWorkSpace/17OctV2.2.3-New-BitBucketIssueFixed/conjur-credentials-plugin/target/jenkins-for-test/WEB-INF/web.xml}, diagnostic-name-filter=diagnostic-name-filter==org.kohsuke.stapler.DiagnosticThreadNameFilter@6c19b15c{inst=false,async=true,src=DESCRIPTOR:file:///Users/sameer.shaik/MyWorkSpace/17OctV2.2.3-New-BitBucketIssueFixed/conjur-credentials-plugin/target/jenkins-for-test/WEB-INF/web.xml}, compression-filter=compression-filter==org.kohsuke.stapler.compression.CompressionFilter@190b8d9e{inst=false,async=true,src=DESCRIPTOR:file:///Users/sameer.shaik/MyWorkSpace/17OctV2.2.3-New-BitBucketIssueFixed/conjur-credentials-plugin/target/jenkins-for-test/WEB-INF/web.xml}, plugins-filter=plugins-filter==hudson.util.PluginServletFilter@276c619b{inst=false,async=true,src=DESCRIPTOR:file:///Users/sameer.shaik/MyWorkSpace/17OctV2.2.3-New-BitBucketIssueFixed/conjur-credentials-plugin/target/jenkins-for-test/WEB-INF/web.xml}, authentication-filter=authentication-filter==hudson.security.HudsonFilter@7ed6238f{inst=false,async=true,src=DESCRIPTOR:file:///Users/sameer.shaik/MyWorkSpace/17OctV2.2.3-New-BitBucketIssueFixed/conjur-credentials-plugin/target/jenkins-for-test/WEB-INF/web.xml}, suspicious-request-filter=suspicious-request-filter==jenkins.security.SuspiciousRequestFilter@5ec73fb7{inst=false,async=true,src=DESCRIPTOR:file:///Users/sameer.shaik/MyWorkSpace/17OctV2.2.3-New-BitBucketIssueFixed/conjur-credentials-plugin/target/jenkins-for-test/WEB-INF/web.xml}}
18:13:49.502 [Executing testDoRefreshCredentialSupplier(org.conjur.jenkins.configuration.ConjurConfigurationTest)] DEBUG org.eclipse.jetty.servlet.ServletHandler -- pathFilters=[[/*]/[]/[REQUEST, ASYNC]=>plugins-filter, [/*]/[]/[REQUEST, ASYNC]=>csrf-filter, [/*]/[]/[REQUEST, ASYNC]=>authentication-filter, [/*]/[]/[REQUEST, ASYNC]=>compression-filter, [/*]/[]/[REQUEST, ASYNC]=>encoding-filter, [/*]/[]/[REQUEST, ASYNC]=>diagnostic-name-filter, [/*]/[]/[REQUEST, ASYNC]=>suspicious-request-filter]
18:13:49.502 [Executing testDoRefreshCredentialSupplier(org.conjur.jenkins.configuration.ConjurConfigurationTest)] DEBUG org.eclipse.jetty.servlet.ServletHandler -- servletFilterMap={}
18:13:49.502 [Executing testDoRefreshCredentialSupplier(org.conjur.jenkins.configuration.ConjurConfigurationTest)] DEBUG org.eclipse.jetty.servlet.ServletHandler -- servletPathMap=PathMappings[size=10]
18:13:49.503 [Executing testDoRefreshCredentialSupplier(org.conjur.jenkins.configuration.ConjurConfigurationTest)] DEBUG org.eclipse.jetty.servlet.ServletHandler -- servletNameMap={default=default==org.eclipse.jetty.servlet.DefaultServlet@5c13d641{jsp=null,order=0,inst=false,async=false,src=DESCRIPTOR:jar:file:/Users/sameer.shaik/.m2/repository/org/eclipse/jetty/jetty-webapp/9.4.48.v20220622/jetty-webapp-9.4.48.v20220622.jar!/org/eclipse/jetty/webapp/webdefault.xml,STOPPED}, jsp=jsp==org.eclipse.jetty.servlet.NoJspServlet@19c47{jsp=null,order=0,inst=false,async=false,src=DESCRIPTOR:jar:file:/Users/sameer.shaik/.m2/repository/org/eclipse/jetty/jetty-webapp/9.4.48.v20220622/jetty-webapp-9.4.48.v20220622.jar!/org/eclipse/jetty/webapp/webdefault.xml,STOPPED}, Stapler=Stapler==org.kohsuke.stapler.Stapler@f222d1a9{jsp=null,order=-1,inst=false,async=true,src=DESCRIPTOR:file:///Users/sameer.shaik/MyWorkSpace/17OctV2.2.3-New-BitBucketIssueFixed/conjur-credentials-plugin/target/jenkins-for-test/WEB-INF/web.xml,STOPPED}}
18:13:49.503 [Executing testDoRefreshCredentialSupplier(org.conjur.jenkins.configuration.ConjurConfigurationTest)] DEBUG org.eclipse.jetty.server.handler.AbstractHandler -- starting ServletHandler@60d90f09{STARTING}
18:13:49.503 [Executing testDoRefreshCredentialSupplier(org.conjur.jenkins.configuration.ConjurConfigurationTest)] DEBUG org.eclipse.jetty.util.component.AbstractLifeCycle -- STARTED @2537ms ServletHandler@60d90f09{STARTED}
18:13:49.503 [Executing testDoRefreshCredentialSupplier(org.conjur.jenkins.configuration.ConjurConfigurationTest)] DEBUG org.eclipse.jetty.util.component.AbstractLifeCycle -- starting HashLoginService@3f89283a[default]
18:13:49.503 [Executing testDoRefreshCredentialSupplier(org.conjur.jenkins.configuration.ConjurConfigurationTest)] DEBUG org.eclipse.jetty.util.component.AbstractLifeCycle -- starting UserStore@3f9f5069{STOPPED}
18:13:49.503 [Executing testDoRefreshCredentialSupplier(org.conjur.jenkins.configuration.ConjurConfigurationTest)] DEBUG org.eclipse.jetty.util.component.AbstractLifeCycle -- STARTED @2538ms UserStore@3f9f5069{STARTED}
18:13:49.503 [Executing testDoRefreshCredentialSupplier(org.conjur.jenkins.configuration.ConjurConfigurationTest)] DEBUG org.eclipse.jetty.util.component.AbstractLifeCycle -- STARTED @2538ms HashLoginService@3f89283a[default]
18:13:49.503 [Executing testDoRefreshCredentialSupplier(org.conjur.jenkins.configuration.ConjurConfigurationTest)] DEBUG org.eclipse.jetty.util.component.AbstractLifeCycle -- STARTED @2538ms ConstraintSecurityHandler@6252ac9d{STARTED}
18:13:49.504 [Executing testDoRefreshCredentialSupplier(org.conjur.jenkins.configuration.ConjurConfigurationTest)] DEBUG org.eclipse.jetty.util.component.AbstractLifeCycle -- starting org.eclipse.jetty.server.session.DefaultSessionCache@561b619d[evict=-1,removeUnloadable=false,saveOnCreate=false,saveOnInactiveEvict=false]
[...]
18:14:01.578 [Executing addConjurCredential(org.conjur.jenkins.configuration.ConjurConfigurationTest)] DEBUG org.eclipse.jetty.util.component.AbstractLifeCycle -- stopping default==org.eclipse.jetty.servlet.DefaultServlet@5c13d641{jsp=null,order=0,inst=true,async=false,src=DESCRIPTOR:jar:file:/Users/sameer.shaik/.m2/repository/org/eclipse/jetty/jetty-webapp/9.4.48.v20220622/jetty-webapp-9.4.48.v20220622.jar!/org/eclipse/jetty/webapp/webdefault.xml,STARTED}
18:14:01.579 [Executing addConjurCredential(org.conjur.jenkins.configuration.ConjurConfigurationTest)] DEBUG org.eclipse.jetty.util.component.AbstractLifeCycle -- STOPPED default==org.eclipse.jetty.servlet.DefaultServlet@5c13d641{jsp=null,order=0,inst=false,async=false,src=DESCRIPTOR:jar:file:/Users/sameer.shaik/.m2/repository/org/eclipse/jetty/jetty-webapp/9.4.48.v20220622/jetty-webapp-9.4.48.v20220622.jar!/org/eclipse/jetty/webapp/webdefault.xml,STOPPED}
18:14:01.579 [Executing addConjurCredential(org.conjur.jenkins.configuration.ConjurConfigurationTest)] DEBUG org.eclipse.jetty.server.handler.ContextHandler -- contextDestroyed: javax.servlet.ServletContextEvent[source=ServletContext@o.e.j.w.WebAppContext@7a11b63f{Jenkins v2.346.3,/jenkins,file:///Users/sameer.shaik/MyWorkSpace/17OctV2.2.3-New-BitBucketIssueFixed/conjur-credentials-plugin/target/jenkins-for-test/,STOPPED}{/Users/sameer.shaik/MyWorkSpace/17OctV2.2.3-New-BitBucketIssueFixed/conjur-credentials-plugin/target/jenkins-for-test}]->jenkins.util.SystemProperties$Listener@52626725
18:14:01.579 [Executing addConjurCredential(org.conjur.jenkins.configuration.ConjurConfigurationTest)] DEBUG org.eclipse.jetty.server.handler.ContextHandler -- contextDestroyed: javax.servlet.ServletContextEvent[source=ServletContext@o.e.j.w.WebAppContext@7a11b63f{Jenkins v2.346.3,/jenkins,file:///Users/sameer.shaik/MyWorkSpace/17OctV2.2.3-New-BitBucketIssueFixed/conjur-credentials-plugin/target/jenkins-for-test/,STOPPED}{/Users/sameer.shaik/MyWorkSpace/17OctV2.2.3-New-BitBucketIssueFixed/conjur-credentials-plugin/target/jenkins-for-test}]->org.eclipse.jetty.servlet.listener.IntrospectorCleaner@c79aa6d
18:14:01.580 [Executing addConjurCredential(org.conjur.jenkins.configuration.ConjurConfigurationTest)] DEBUG org.eclipse.jetty.server.handler.ContextHandler -- contextDestroyed: javax.servlet.ServletContextEvent[source=ServletContext@o.e.j.w.WebAppContext@7a11b63f{Jenkins v2.346.3,/jenkins,file:///Users/sameer.shaik/MyWorkSpace/17OctV2.2.3-New-BitBucketIssueFixed/conjur-credentials-plugin/target/jenkins-for-test/,STOPPED}{/Users/sameer.shaik/MyWorkSpace/17OctV2.2.3-New-BitBucketIssueFixed/conjur-credentials-plugin/target/jenkins-for-test}]->org.eclipse.jetty.servlet.listener.ELContextCleaner@4305d4b0
18:14:01.580 [Executing addConjurCredential(org.conjur.jenkins.configuration.ConjurConfigurationTest)] DEBUG org.eclipse.jetty.util.component.AbstractLifeCycle -- stopping jenkins.JenkinsHttpSessionListener@7c56a059{src=DESCRIPTOR:file:///Users/sameer.shaik/MyWorkSpace/17OctV2.2.3-New-BitBucketIssueFixed/conjur-credentials-plugin/target/jenkins-for-test/WEB-INF/web.xml}
18:14:01.581 [Executing addConjurCredential(org.conjur.jenkins.configuration.ConjurConfigurationTest)] DEBUG org.eclipse.jetty.util.component.AbstractLifeCycle -- STOPPED jenkins.JenkinsHttpSessionListener@7c56a059{src=DESCRIPTOR:file:///Users/sameer.shaik/MyWorkSpace/17OctV2.2.3-New-BitBucketIssueFixed/conjur-credentials-plugin/target/jenkins-for-test/WEB-INF/web.xml}
18:14:01.581 [Executing addConjurCredential(org.conjur.jenkins.configuration.ConjurConfigurationTest)] DEBUG org.eclipse.jetty.util.component.AbstractLifeCycle -- stopping hudson.WebAppMain@6e1d3de7{src=DESCRIPTOR:file:///Users/sameer.shaik/MyWorkSpace/17OctV2.2.3-New-BitBucketIssueFixed/conjur-credentials-plugin/target/jenkins-for-test/WEB-INF/web.xml}
18:14:01.581 [Executing addConjurCredential(org.conjur.jenkins.configuration.ConjurConfigurationTest)] DEBUG org.eclipse.jetty.util.component.AbstractLifeCycle -- STOPPED hudson.WebAppMain@6e1d3de7{src=DESCRIPTOR:file:///Users/sameer.shaik/MyWorkSpace/17OctV2.2.3-New-BitBucketIssueFixed/conjur-credentials-plugin/target/jenkins-for-test/WEB-INF/web.xml}
18:14:01.581 [Executing addConjurCredential(org.conjur.jenkins.configuration.ConjurConfigurationTest)] DEBUG org.eclipse.jetty.util.component.AbstractLifeCycle -- stopping jenkins.util.SystemProperties$Listener@500a2ea0{src=DESCRIPTOR:file:///Users/sameer.shaik/MyWorkSpace/17OctV2.2.3-New-BitBucketIssueFixed/conjur-credentials-plugin/target/jenkins-for-test/WEB-INF/web.xml}
18:14:01.582 [Executing addConjurCredential(org.conjur.jenkins.configuration.ConjurConfigurationTest)] DEBUG org.eclipse.jetty.util.component.AbstractLifeCycle -- STOPPED jenkins.util.SystemProperties$Listener@500a2ea0{src=DESCRIPTOR:file:///Users/sameer.shaik/MyWorkSpace/17OctV2.2.3-New-BitBucketIssueFixed/conjur-credentials-plugin/target/jenkins-for-test/WEB-INF/web.xml}
18:14:01.582 [Executing addConjurCredential(org.conjur.jenkins.configuration.ConjurConfigurationTest)] DEBUG org.eclipse.jetty.util.component.AbstractLifeCycle -- stopping org.eclipse.jetty.servlet.listener.IntrospectorCleaner@718af1b1{src=DESCRIPTOR:jar:file:/Users/sameer.shaik/.m2/repository/org/eclipse/jetty/jetty-webapp/9.4.48.v20220622/jetty-webapp-9.4.48.v20220622.jar!/org/eclipse/jetty/webapp/webdefault.xml}
18:14:01.582 [Executing addConjurCredential(org.conjur.jenkins.configuration.ConjurConfigurationTest)] DEBUG org.eclipse.jetty.util.component.AbstractLifeCycle -- STOPPED org.eclipse.jetty.servlet.listener.IntrospectorCleaner@718af1b1{src=DESCRIPTOR:jar:file:/Users/sameer.shaik/.m2/repository/org/eclipse/jetty/jetty-webapp/9.4.48.v20220622/jetty-webapp-9.4.48.v20220622.jar!/org/eclipse/jetty/webapp/webdefault.xml}
18:14:01.582 [Executing addConjurCredential(org.conjur.jenkins.configuration.ConjurConfigurationTest)] DEBUG org.eclipse.jetty.util.component.AbstractLifeCycle -- stopping org.eclipse.jetty.servlet.listener.ELContextCleaner@311469b4{src=DESCRIPTOR:jar:file:/Users/sameer.shaik/.m2/repository/org/eclipse/jetty/jetty-webapp/9.4.48.v20220622/jetty-webapp-9.4.48.v20220622.jar!/org/eclipse/jetty/webapp/webdefault.xml}
18:14:01.583 [Executing addConjurCredential(org.conjur.jenkins.configuration.ConjurConfigurationTest)] DEBUG org.eclipse.jetty.util.component.AbstractLifeCycle -- STOPPED org.eclipse.jetty.servlet.listener.ELContextCleaner@311469b4{src=DESCRIPTOR:jar:file:/Users/sameer.shaik/.m2/repository/org/eclipse/jetty/jetty-webapp/9.4.48.v20220622/jetty-webapp-9.4.48.v20220622.jar!/org/eclipse/jetty/webapp/webdefault.xml}
18:14:01.583 [Executing addConjurCredential(org.conjur.jenkins.configuration.ConjurConfigurationTest)] DEBUG org.eclipse.jetty.util.component.AbstractLifeCycle -- STOPPED ServletHandler@5671f933{STOPPED}
18:14:01.583 [Executing addConjurCredential(org.conjur.jenkins.configuration.ConjurConfigurationTest)] DEBUG org.eclipse.jetty.util.component.AbstractLifeCycle -- STOPPED ConstraintSecurityHandler@1a3e4970{STOPPED}
18:14:01.583 [Executing addConjurCredential(org.conjur.jenkins.configuration.ConjurConfigurationTest)] DEBUG org.eclipse.jetty.util.component.AbstractLifeCycle -- STOPPED org.eclipse.jetty.server.session.SessionHandler1835641516==dftMaxIdleSec=1800
18:14:01.583 [Executing addConjurCredential(org.conjur.jenkins.configuration.ConjurConfigurationTest)] DEBUG org.eclipse.jetty.util.component.AbstractLifeCycle -- stopping SymlinkAllowedResourceAliasChecker@15b3e8a8{base=/Users/sameer.shaik/MyWorkSpace/17OctV2.2.3-New-BitBucketIssueFixed/conjur-credentials-plugin/target/jenkins-for-test,protected=[/WEB-INF, /META-INF]}
18:14:01.584 [Executing addConjurCredential(org.conjur.jenkins.configuration.ConjurConfigurationTest)] DEBUG org.eclipse.jetty.util.component.AbstractLifeCycle -- STOPPED SymlinkAllowedResourceAliasChecker@15b3e8a8{base=null,protected=[/WEB-INF, /META-INF]}
18:14:01.584 [Executing addConjurCredential(org.conjur.jenkins.configuration.ConjurConfigurationTest)] INFO org.eclipse.jetty.server.handler.ContextHandler -- Stopped o.e.j.w.WebAppContext@7a11b63f{Jenkins v2.346.3,/jenkins,file:///Users/sameer.shaik/MyWorkSpace/17OctV2.2.3-New-BitBucketIssueFixed/conjur-credentials-plugin/target/jenkins-for-test/,STOPPED}{/Users/sameer.shaik/MyWorkSpace/17OctV2.2.3-New-BitBucketIssueFixed/conjur-credentials-plugin/target/jenkins-for-test}
18:14:01.584 [Executing addConjurCredential(org.conjur.jenkins.configuration.ConjurConfigurationTest)] DEBUG org.eclipse.jetty.util.component.AbstractLifeCycle -- STOPPED o.e.j.w.WebAppContext@7a11b63f{Jenkins v2.346.3,/jenkins,file:///Users/sameer.shaik/MyWorkSpace/17OctV2.2.3-New-BitBucketIssueFixed/conjur-credentials-plugin/target/jenkins-for-test/,STOPPED}{/Users/sameer.shaik/MyWorkSpace/17OctV2.2.3-New-BitBucketIssueFixed/conjur-credentials-plugin/target/jenkins-for-test}
18:14:01.585 [Executing addConjurCredential(org.conjur.jenkins.configuration.ConjurConfigurationTest)] DEBUG org.eclipse.jetty.util.component.AbstractLifeCycle -- stopping QueuedThreadPool[Jetty (JenkinsRule)]@35eb54c9{STARTED,8<=10<=200,i=10,r=-1,q=0}[ReservedThreadExecutor@4b771877{reserved=0/16,pending=0}]
18:14:01.585 [Executing addConjurCredential(org.conjur.jenkins.configuration.ConjurConfigurationTest)] DEBUG org.eclipse.jetty.util.thread.QueuedThreadPool -- Stopping QueuedThreadPool[Jetty (JenkinsRule)]@35eb54c9{STOPPING,8<=10<=200,i=10,r=-1,q=0}[ReservedThreadExecutor@4b771877{reserved=0/16,pending=0}]
18:14:01.585 [Executing addConjurCredential(org.conjur.jenkins.configuration.ConjurConfigurationTest)] DEBUG org.eclipse.jetty.util.component.AbstractLifeCycle -- stopping ReservedThreadExecutor@4b771877{reserved=0/16,pending=0}
18:14:01.585 [Executing addConjurCredential(org.conjur.jenkins.configuration.ConjurConfigurationTest)] DEBUG org.eclipse.jetty.util.component.AbstractLifeCycle -- STOPPED ReservedThreadExecutor@4b771877{reserved=-1/16,pending=0}
18:14:01.585 [Executing addConjurCredential(org.conjur.jenkins.configuration.ConjurConfigurationTest)] DEBUG org.eclipse.jetty.util.thread.QueuedThreadPool -- Waiting for Thread[Jetty (JenkinsRule)-110,5,main] for 14999
18:14:01.586 [Jetty (JenkinsRule)-116] DEBUG org.eclipse.jetty.util.thread.QueuedThreadPool -- run org.eclipse.jetty.util.thread.QueuedThreadPool$$Lambda$384/0x00000001402e18f0@243a553d in QueuedThreadPool[Jetty (JenkinsRule)]@35eb54c9{STOPPING,8<=0<=200,i=10,r=-1,q=0}[NO_TRY]
18:14:01.586 [Jetty (JenkinsRule)-117] DEBUG org.eclipse.jetty.util.thread.QueuedThreadPool -- run org.eclipse.jetty.util.thread.QueuedThreadPool$$Lambda$384/0x00000001402e18f0@243a553d in QueuedThreadPool[Jetty (JenkinsRule)]@35eb54c9{STOPPING,8<=0<=200,i=10,r=-1,q=0}[NO_TRY]
18:14:01.586 [Jetty (JenkinsRule)-114] DEBUG org.eclipse.jetty.util.thread.QueuedThreadPool -- run org.eclipse.jetty.util.thread.QueuedThreadPool$$Lambda$384/0x00000001402e18f0@243a553d in QueuedThreadPool[Jetty (JenkinsRule)]@35eb54c9{STOPPING,8<=0<=200,i=10,r=-1,q=0}[NO_TRY]
18:14:01.586 [Jetty (JenkinsRule)-113] DEBUG org.eclipse.jetty.util.thread.QueuedThreadPool -- run org.eclipse.jetty.util.thread.QueuedThreadPool$$Lambda$384/0x00000001402e18f0@243a553d in QueuedThreadPool[Jetty (JenkinsRule)]@35eb54c9{STOPPING,8<=0<=200,i=10,r=-1,q=0}[NO_TRY]
18:14:01.586 [Jetty (JenkinsRule)-112] DEBUG org.eclipse.jetty.util.thread.QueuedThreadPool -- run org.eclipse.jetty.util.thread.QueuedThreadPool$$Lambda$384/0x00000001402e18f0@243a553d in QueuedThreadPool[Jetty (JenkinsRule)]@35eb54c9{STOPPING,8<=0<=200,i=10,r=-1,q=0}[NO_TRY]
18:14:01.586 [Jetty (JenkinsRule)-111] DEBUG org.eclipse.jetty.util.thread.QueuedThreadPool -- run org.eclipse.jetty.util.thread.QueuedThreadPool$$Lambda$384/0x00000001402e18f0@243a553d in QueuedThreadPool[Jetty (JenkinsRule)]@35eb54c9{STOPPING,8<=0<=200,i=10,r=-1,q=0}[NO_TRY]
18:14:01.586 [Jetty (JenkinsRule)-110] DEBUG org.eclipse.jetty.util.thread.QueuedThreadPool -- run org.eclipse.jetty.util.thread.QueuedThreadPool$$Lambda$384/0x00000001402e18f0@243a553d in QueuedThreadPool[Jetty (JenkinsRule)]@35eb54c9{STOPPING,8<=0<=200,i=10,r=-1,q=0}[NO_TRY]
18:14:01.586 [Jetty (JenkinsRule)-108] DEBUG org.eclipse.jetty.util.thread.QueuedThreadPool -- run org.eclipse.jetty.util.thread.QueuedThreadPool$$Lambda$384/0x00000001402e18f0@243a553d in QueuedThreadPool[Jetty (JenkinsRule)]@35eb54c9{STOPPING,8<=0<=200,i=10,r=-1,q=0}[NO_TRY]
18:14:01.586 [Jetty (JenkinsRule)-107] DEBUG org.eclipse.jetty.util.thread.QueuedThreadPool -- run org.eclipse.jetty.util.thread.QueuedThreadPool$$Lambda$384/0x00000001402e18f0@243a553d in QueuedThreadPool[Jetty (JenkinsRule)]@35eb54c9{STOPPING,8<=0<=200,i=10,r=-1,q=0}[NO_TRY]
18:14:01.586 [Jetty (JenkinsRule)-109] DEBUG org.eclipse.jetty.util.thread.QueuedThreadPool -- run org.eclipse.jetty.util.thread.QueuedThreadPool$$Lambda$384/0x00000001402e18f0@243a553d in QueuedThreadPool[Jetty (JenkinsRule)]@35eb54c9{STOPPING,8<=0<=200,i=10,r=-1,q=0}[NO_TRY]
18:14:01.586 [Jetty (JenkinsRule)-116] DEBUG org.eclipse.jetty.util.thread.QueuedThreadPool -- ran org.eclipse.jetty.util.thread.QueuedThreadPool$$Lambda$384/0x00000001402e18f0@243a553d in QueuedThreadPool[Jetty (JenkinsRule)]@35eb54c9{STOPPING,8<=0<=200,i=10,r=-1,q=0}[NO_TRY]
18:14:01.586 [Jetty (JenkinsRule)-117] DEBUG org.eclipse.jetty.util.thread.QueuedThreadPool -- ran org.eclipse.jetty.util.thread.QueuedThreadPool$$Lambda$384/0x00000001402e18f0@243a553d in QueuedThreadPool[Jetty (JenkinsRule)]@35eb54c9{STOPPING,8<=0<=200,i=10,r=-1,q=0}[NO_TRY]
18:14:01.586 [Jetty (JenkinsRule)-114] DEBUG org.eclipse.jetty.util.thread.QueuedThreadPool -- ran org.eclipse.jetty.util.thread.QueuedThreadPool$$Lambda$384/0x00000001402e18f0@243a553d in QueuedThreadPool[Jetty (JenkinsRule)]@35eb54c9{STOPPING,8<=0<=200,i=10,r=-1,q=0}[NO_TRY]
18:14:01.586 [Jetty (JenkinsRule)-113] DEBUG org.eclipse.jetty.util.thread.QueuedThreadPool -- ran org.eclipse.jetty.util.thread.QueuedThreadPool$$Lambda$384/0x00000001402e18f0@243a553d in QueuedThreadPool[Jetty (JenkinsRule)]@35eb54c9{STOPPING,8<=0<=200,i=10,r=-1,q=0}[NO_TRY]
18:14:01.587 [Jetty (JenkinsRule)-112] DEBUG org.eclipse.jetty.util.thread.QueuedThreadPool -- ran org.eclipse.jetty.util.thread.QueuedThreadPool$$Lambda$384/0x00000001402e18f0@243a553d in QueuedThreadPool[Jetty (JenkinsRule)]@35eb54c9{STOPPING,8<=0<=200,i=10,r=-1,q=0}[NO_TRY]
18:14:01.587 [Jetty (JenkinsRule)-111] DEBUG org.eclipse.jetty.util.thread.QueuedThreadPool -- ran org.eclipse.jetty.util.thread.QueuedThreadPool$$Lambda$384/0x00000001402e18f0@243a553d in QueuedThreadPool[Jetty (JenkinsRule)]@35eb54c9{STOPPING,8<=0<=200,i=10,r=-1,q=0}[NO_TRY]
18:14:01.587 [Jetty (JenkinsRule)-110] DEBUG org.eclipse.jetty.util.thread.QueuedThreadPool -- ran org.eclipse.jetty.util.thread.QueuedThreadPool$$Lambda$384/0x00000001402e18f0@243a553d in QueuedThreadPool[Jetty (JenkinsRule)]@35eb54c9{STOPPING,8<=0<=200,i=10,r=-1,q=0}[NO_TRY]
18:14:01.587 [Jetty (JenkinsRule)-108] DEBUG org.eclipse.jetty.util.thread.QueuedThreadPool -- ran org.eclipse.jetty.util.thread.QueuedThreadPool$$Lambda$384/0x00000001402e18f0@243a553d in QueuedThreadPool[Jetty (JenkinsRule)]@35eb54c9{STOPPING,8<=0<=200,i=10,r=-1,q=0}[NO_TRY]
18:14:01.587 [Jetty (JenkinsRule)-107] DEBUG org.eclipse.jetty.util.thread.QueuedThreadPool -- ran org.eclipse.jetty.util.thread.QueuedThreadPool$$Lambda$384/0x00000001402e18f0@243a553d in QueuedThreadPool[Jetty (JenkinsRule)]@35eb54c9{STOPPING,8<=0<=200,i=10,r=-1,q=0}[NO_TRY]
18:14:01.588 [Jetty (JenkinsRule)-109] DEBUG org.eclipse.jetty.util.thread.QueuedThreadPool -- ran org.eclipse.jetty.util.thread.QueuedThreadPool$$Lambda$384/0x00000001402e18f0@243a553d in QueuedThreadPool[Jetty (JenkinsRule)]@35eb54c9{STOPPING,8<=0<=200,i=10,r=-1,q=0}[NO_TRY]
18:14:01.588 [Jetty (JenkinsRule)-116] DEBUG org.eclipse.jetty.util.thread.QueuedThreadPool -- Thread[Jetty (JenkinsRule)-116,5,main] exited for QueuedThreadPool[Jetty (JenkinsRule)]@35eb54c9{STOPPING,8<=0<=200,i=10,r=-1,q=0}[NO_TRY]
18:14:01.588 [Jetty (JenkinsRule)-117] DEBUG org.eclipse.jetty.util.thread.QueuedThreadPool -- Thread[Jetty (JenkinsRule)-117,5,main] exited for QueuedThreadPool[Jetty (JenkinsRule)]@35eb54c9{STOPPING,8<=0<=200,i=10,r=-1,q=0}[NO_TRY]
18:14:01.588 [Jetty (JenkinsRule)-114] DEBUG org.eclipse.jetty.util.thread.QueuedThreadPool -- Thread[Jetty (JenkinsRule)-114,5,main] exited for QueuedThreadPool[Jetty (JenkinsRule)]@35eb54c9{STOPPING,8<=0<=200,i=10,r=-1,q=0}[NO_TRY]
18:14:01.589 [Jetty (JenkinsRule)-113] DEBUG org.eclipse.jetty.util.thread.QueuedThreadPool -- Thread[Jetty (JenkinsRule)-113,5,main] exited for QueuedThreadPool[Jetty (JenkinsRule)]@35eb54c9{STOPPING,8<=0<=200,i=10,r=-1,q=0}[NO_TRY]
18:14:01.589 [Jetty (JenkinsRule)-112] DEBUG org.eclipse.jetty.util.thread.QueuedThreadPool -- Thread[Jetty (JenkinsRule)-112,5,main] exited for QueuedThreadPool[Jetty (JenkinsRule)]@35eb54c9{STOPPING,8<=0<=200,i=10,r=-1,q=0}[NO_TRY]
18:14:01.589 [Jetty (JenkinsRule)-111] DEBUG org.eclipse.jetty.util.thread.QueuedThreadPool -- Thread[Jetty (JenkinsRule)-111,5,main] exited for QueuedThreadPool[Jetty (JenkinsRule)]@35eb54c9{STOPPING,8<=0<=200,i=10,r=-1,q=0}[NO_TRY]
18:14:01.589 [Jetty (JenkinsRule)-110] DEBUG org.eclipse.jetty.util.thread.QueuedThreadPool -- Thread[Jetty (JenkinsRule)-110,5,main] exited for QueuedThreadPool[Jetty (JenkinsRule)]@35eb54c9{STOPPING,8<=0<=200,i=10,r=-1,q=0}[NO_TRY]
18:14:01.589 [Jetty (JenkinsRule)-108] DEBUG org.eclipse.jetty.util.thread.QueuedThreadPool -- Thread[Jetty (JenkinsRule)-108,5,main] exited for QueuedThreadPool[Jetty (JenkinsRule)]@35eb54c9{STOPPING,8<=0<=200,i=10,r=-1,q=0}[NO_TRY]
18:14:01.590 [Jetty (JenkinsRule)-107] DEBUG org.eclipse.jetty.util.thread.QueuedThreadPool -- Thread[Jetty (JenkinsRule)-107,5,main] exited for QueuedThreadPool[Jetty (JenkinsRule)]@35eb54c9{STOPPING,8<=0<=200,i=10,r=-1,q=0}[NO_TRY]
18:14:01.590 [Jetty (JenkinsRule)-109] DEBUG org.eclipse.jetty.util.thread.QueuedThreadPool -- Thread[Jetty (JenkinsRule)-109,5,main] exited for QueuedThreadPool[Jetty (JenkinsRule)]@35eb54c9{STOPPING,8<=0<=200,i=10,r=-1,q=0}[NO_TRY]
18:14:01.591 [Executing addConjurCredential(org.conjur.jenkins.configuration.ConjurConfigurationTest)] DEBUG org.eclipse.jetty.util.thread.QueuedThreadPool -- Waiting for Thread[Jetty (JenkinsRule)-108,5,main] for 14994
18:14:01.592 [Executing addConjurCredential(org.conjur.jenkins.configuration.ConjurConfigurationTest)] DEBUG org.eclipse.jetty.util.component.AbstractLifeCycle -- STOPPED QueuedThreadPool[Jetty (JenkinsRule)]@35eb54c9{STOPPED,8<=0<=200,i=10,r=-1,q=0}[NO_TRY]
18:14:01.592 [Executing addConjurCredential(org.conjur.jenkins.configuration.ConjurConfigurationTest)] DEBUG org.eclipse.jetty.util.component.AbstractLifeCycle -- STOPPED Server@3f133fb9{STOPPED}[9.4.48.v20220622]
]]></system-out>
    <system-err><![CDATA[   0.146 [id=106]	INFO	o.jvnet.hudson.test.JenkinsRule#createWebServer: Running on http://localhost:51398/jenkins/
   0.220 [id=121]	INFO	jenkins.InitReactorRunner$1#onAttained: Started initialization
   0.222 [id=135]	INFO	jenkins.InitReactorRunner$1#onAttained: Listed all plugins
   0.580 [id=120]	INFO	jenkins.InitReactorRunner$1#onAttained: Prepared all plugins
   0.583 [id=137]	INFO	jenkins.InitReactorRunner$1#onAttained: Started all plugins
   0.584 [id=143]	INFO	jenkins.InitReactorRunner$1#onAttained: Augmented all extensions
   1.564 [id=132]	INFO	jenkins.InitReactorRunner$1#onAttained: System config loaded
   1.565 [id=140]	INFO	jenkins.InitReactorRunner$1#onAttained: System config adapted
   1.565 [id=144]	INFO	jenkins.InitReactorRunner$1#onAttained: Loaded all jobs
   1.567 [id=148]	INFO	jenkins.InitReactorRunner$1#onAttained: Configuration for all jobs updated
   1.597 [id=133]	INFO	jenkins.InitReactorRunner$1#onAttained: Completed initialization
   1.902 [id=106]	INFO	hudson.lifecycle.Lifecycle#onStatusUpdate: Stopping Jenkins
   2.014 [id=106]	INFO	hudson.lifecycle.Lifecycle#onStatusUpdate: Jenkins stopped
]]></system-err>
  </testcase>
</testsuite>