<?xml version="1.0" encoding="UTF-8"?>
<testsuite xmlns:xsi="http://www.w3.org/2001/XMLSchema-instance" xsi:noNamespaceSchemaLocation="https://maven.apache.org/surefire/maven-surefire-plugin/xsd/surefire-test-report-3.0.xsd" version="3.0" name="org.conjur.jenkins.jwtauthimpl.JwtTokenTest" time="1.314" tests="10" errors="0" skipped="0" failures="0">
  <properties>
[...]
</properties>
  <testcase name="getIdentityFormatFieldsTokenEmptyValue" classname="org.conjur.jenkins.jwtauthimpl.JwtTokenTest" time="0.399"/>
  <testcase name="testGetSelectIdentityFormatFieldsTokenWithDelimiter" classname="org.conjur.jenkins.jwtauthimpl.JwtTokenTest" time="0.004"/>
  <testcase name="testGetSelectIdentityFormatFieldsTokenNoDelimiter" classname="org.conjur.jenkins.jwtauthimpl.JwtTokenTest" time="0.004"/>
  <testcase name="mockGetToken" classname="org.conjur.jenkins.jwtauthimpl.JwtTokenTest" time="0.051"/>
  <testcase name="getIdentityFormatFieldsTokenNotNullValue" classname="org.conjur.jenkins.jwtauthimpl.JwtTokenTest" time="0.003"/>
  <testcase name="getUnsignedTokenWithEnabledJWKS" classname="org.conjur.jenkins.jwtauthimpl.JwtTokenTest" time="0.003"/>
  <testcase name="mockSign" classname="org.conjur.jenkins.jwtauthimpl.JwtTokenTest" time="0.005"/>
  <testcase name="getUnsignedTokenNull" classname="org.conjur.jenkins.jwtauthimpl.JwtTokenTest" time="0.003"/>
  <testcase name="mockGetUnsignedToken" classname="org.conjur.jenkins.jwtauthimpl.JwtTokenTest" time="0.003"/>
  <testcase name="getUnsignedTokenWithDiabledJWKS" classname="org.conjur.jenkins.jwtauthimpl.JwtTokenTest" time="0.002"/>
</testsuite>